[2021-05-03T00:43:19,095][INFO ][o.e.x.i.IndexLifecycleRunner] [Logstash-output] policy [logstash-policy] for index [logstash-output-finished] on an error step due to a transient error, moving back to the failed step [check-rollover-ready] for execution. retry attempt [18]
[2021-05-03T05:31:00,578][ERROR][o.e.x.i.IndexLifecycleRunner] [Logstash-output] policy [logstash-policy] for index [logstash-output-finished] failed on step [{"phase":"hot","action":"rollover","name":"check-rollover-ready"}]. Moving to ERROR step
java.lang.IllegalArgumentException: index.lifecycle.rollover_alias [logstash] does not point to index [logstash-output-finished]
	at org.elasticsearch.xpack.core.ilm.WaitForRolloverReadyStep.evaluateCondition(WaitForRolloverReadyStep.java:114) [x-pack-core-7.10.2.jar:7.10.2]
	at org.elasticsearch.xpack.ilm.IndexLifecycleRunner.runPeriodicStep(IndexLifecycleRunner.java:174) [x-pack-ilm-7.10.2.jar:7.10.2]
	at org.elasticsearch.xpack.ilm.IndexLifecycleService.triggerPolicies(IndexLifecycleService.java:327) [x-pack-ilm-7.10.2.jar:7.10.2]
	at org.elasticsearch.xpack.ilm.IndexLifecycleService.triggered(IndexLifecycleService.java:265) [x-pack-ilm-7.10.2.jar:7.10.2]
	at org.elasticsearch.xpack.core.scheduler.SchedulerEngine.notifyListeners(SchedulerEngine.java:183) [x-pack-core-7.10.2.jar:7.10.2]
	at org.elasticsearch.xpack.core.scheduler.SchedulerEngine$ActiveSchedule.run(SchedulerEngine.java:216) [x-pack-core-7.10.2.jar:7.10.2]
	at java.util.concurrent.Executors$RunnableAdapter.call(Executors.java:515) [?:?]
	at java.util.concurrent.FutureTask.run(FutureTask.java:264) [?:?]
	at java.util.concurrent.ScheduledThreadPoolExecutor$ScheduledFutureTask.run(ScheduledThreadPoolExecutor.java:304) [?:?]
	at java.util.concurrent.ThreadPoolExecutor.runWorker(ThreadPoolExecutor.java:1130) [?:?]
	at java.util.concurrent.ThreadPoolExecutor$Worker.run(ThreadPoolExecutor.java:630) [?:?]
	at java.lang.Thread.run(Thread.java:832) [?:?]
[2021-05-03T06:32:39,481][INFO ][o.e.x.i.IndexLifecycleRunner] [Logstash-output] policy [logstash-policy] for index [logstash-output-finished] on an error step due to a transient error, moving back to the failed step [check-rollover-ready] for execution. retry attempt [19]
[2021-05-03T06:52:59,625][ERROR][o.e.x.i.IndexLifecycleRunner] [Logstash-output] policy [logstash-policy] for index [logstash-output-finished] failed on step [{"phase":"hot","action":"rollover","name":"check-rollover-ready"}]. Moving to ERROR step
java.lang.IllegalArgumentException: index.lifecycle.rollover_alias [logstash] does not point to index [logstash-output-finished]
	at org.elasticsearch.xpack.core.ilm.WaitForRolloverReadyStep.evaluateCondition(WaitForRolloverReadyStep.java:114) [x-pack-core-7.10.2.jar:7.10.2]
	at org.elasticsearch.xpack.ilm.IndexLifecycleRunner.runPeriodicStep(IndexLifecycleRunner.java:174) [x-pack-ilm-7.10.2.jar:7.10.2]
	at org.elasticsearch.xpack.ilm.IndexLifecycleService.triggerPolicies(IndexLifecycleService.java:327) [x-pack-ilm-7.10.2.jar:7.10.2]
	at org.elasticsearch.xpack.ilm.IndexLifecycleService.triggered(IndexLifecycleService.java:265) [x-pack-ilm-7.10.2.jar:7.10.2]
	at org.elasticsearch.xpack.core.scheduler.SchedulerEngine.notifyListeners(SchedulerEngine.java:183) [x-pack-core-7.10.2.jar:7.10.2]
	at org.elasticsearch.xpack.core.scheduler.SchedulerEngine$ActiveSchedule.run(SchedulerEngine.java:216) [x-pack-core-7.10.2.jar:7.10.2]
	at java.util.concurrent.Executors$RunnableAdapter.call(Executors.java:515) [?:?]
	at java.util.concurrent.FutureTask.run(FutureTask.java:264) [?:?]
	at java.util.concurrent.ScheduledThreadPoolExecutor$ScheduledFutureTask.run(ScheduledThreadPoolExecutor.java:304) [?:?]
	at java.util.concurrent.ThreadPoolExecutor.runWorker(ThreadPoolExecutor.java:1130) [?:?]
	at java.util.concurrent.ThreadPoolExecutor$Worker.run(ThreadPoolExecutor.java:630) [?:?]
	at java.lang.Thread.run(Thread.java:832) [?:?]
[2021-05-03T06:53:07,598][INFO ][o.e.x.i.IndexLifecycleRunner] [Logstash-output] policy [logstash-policy] for index [logstash-output-finished] on an error step due to a transient error, moving back to the failed step [check-rollover-ready] for execution. retry attempt [20]
[2021-05-03T11:10:09,525][ERROR][o.e.x.i.IndexLifecycleRunner] [Logstash-output] policy [logstash-policy] for index [logstash-output-finished] failed on step [{"phase":"hot","action":"rollover","name":"check-rollover-ready"}]. Moving to ERROR step
java.lang.IllegalArgumentException: index.lifecycle.rollover_alias [logstash] does not point to index [logstash-output-finished]
	at org.elasticsearch.xpack.core.ilm.WaitForRolloverReadyStep.evaluateCondition(WaitForRolloverReadyStep.java:114) [x-pack-core-7.10.2.jar:7.10.2]
	at org.elasticsearch.xpack.ilm.IndexLifecycleRunner.runPeriodicStep(IndexLifecycleRunner.java:174) [x-pack-ilm-7.10.2.jar:7.10.2]
	at org.elasticsearch.xpack.ilm.IndexLifecycleService.triggerPolicies(IndexLifecycleService.java:327) [x-pack-ilm-7.10.2.jar:7.10.2]
	at org.elasticsearch.xpack.ilm.IndexLifecycleService.triggered(IndexLifecycleService.java:265) [x-pack-ilm-7.10.2.jar:7.10.2]
	at org.elasticsearch.xpack.core.scheduler.SchedulerEngine.notifyListeners(SchedulerEngine.java:183) [x-pack-core-7.10.2.jar:7.10.2]
	at org.elasticsearch.xpack.core.scheduler.SchedulerEngine$ActiveSchedule.run(SchedulerEngine.java:216) [x-pack-core-7.10.2.jar:7.10.2]
	at java.util.concurrent.Executors$RunnableAdapter.call(Executors.java:515) [?:?]
	at java.util.concurrent.FutureTask.run(FutureTask.java:264) [?:?]
	at java.util.concurrent.ScheduledThreadPoolExecutor$ScheduledFutureTask.run(ScheduledThreadPoolExecutor.java:304) [?:?]
	at java.util.concurrent.ThreadPoolExecutor.runWorker(ThreadPoolExecutor.java:1130) [?:?]
	at java.util.concurrent.ThreadPoolExecutor$Worker.run(ThreadPoolExecutor.java:630) [?:?]
	at java.lang.Thread.run(Thread.java:832) [?:?]
[2021-05-03T11:13:07,599][INFO ][o.e.x.i.IndexLifecycleRunner] [Logstash-output] policy [logstash-policy] for index [logstash-output-finished] on an error step due to a transient error, moving back to the failed step [check-rollover-ready] for execution. retry attempt [21]
[2021-05-03T11:23:07,632][ERROR][o.e.x.i.IndexLifecycleRunner] [Logstash-output] policy [logstash-policy] for index [logstash-output-finished] failed on step [{"phase":"hot","action":"rollover","name":"check-rollover-ready"}]. Moving to ERROR step
java.lang.IllegalArgumentException: index.lifecycle.rollover_alias [logstash] does not point to index [logstash-output-finished]
	at org.elasticsearch.xpack.core.ilm.WaitForRolloverReadyStep.evaluateCondition(WaitForRolloverReadyStep.java:114) [x-pack-core-7.10.2.jar:7.10.2]
	at org.elasticsearch.xpack.ilm.IndexLifecycleRunner.runPeriodicStep(IndexLifecycleRunner.java:174) [x-pack-ilm-7.10.2.jar:7.10.2]
	at org.elasticsearch.xpack.ilm.IndexLifecycleService.triggerPolicies(IndexLifecycleService.java:327) [x-pack-ilm-7.10.2.jar:7.10.2]
	at org.elasticsearch.xpack.ilm.IndexLifecycleService.triggered(IndexLifecycleService.java:265) [x-pack-ilm-7.10.2.jar:7.10.2]
	at org.elasticsearch.xpack.core.scheduler.SchedulerEngine.notifyListeners(SchedulerEngine.java:183) [x-pack-core-7.10.2.jar:7.10.2]
	at org.elasticsearch.xpack.core.scheduler.SchedulerEngine$ActiveSchedule.run(SchedulerEngine.java:216) [x-pack-core-7.10.2.jar:7.10.2]
	at java.util.concurrent.Executors$RunnableAdapter.call(Executors.java:515) [?:?]
	at java.util.concurrent.FutureTask.run(FutureTask.java:264) [?:?]
	at java.util.concurrent.ScheduledThreadPoolExecutor$ScheduledFutureTask.run(ScheduledThreadPoolExecutor.java:304) [?:?]
	at java.util.concurrent.ThreadPoolExecutor.runWorker(ThreadPoolExecutor.java:1130) [?:?]
	at java.util.concurrent.ThreadPoolExecutor$Worker.run(ThreadPoolExecutor.java:630) [?:?]
	at java.lang.Thread.run(Thread.java:832) [?:?]
[2021-05-03T11:33:07,618][INFO ][o.e.x.i.IndexLifecycleRunner] [Logstash-output] policy [logstash-policy] for index [logstash-output-finished] on an error step due to a transient error, moving back to the failed step [check-rollover-ready] for execution. retry attempt [22]
[2021-05-03T11:43:07,632][ERROR][o.e.x.i.IndexLifecycleRunner] [Logstash-output] policy [logstash-policy] for index [logstash-output-finished] failed on step [{"phase":"hot","action":"rollover","name":"check-rollover-ready"}]. Moving to ERROR step
java.lang.IllegalArgumentException: index.lifecycle.rollover_alias [logstash] does not point to index [logstash-output-finished]
	at org.elasticsearch.xpack.core.ilm.WaitForRolloverReadyStep.evaluateCondition(WaitForRolloverReadyStep.java:114) [x-pack-core-7.10.2.jar:7.10.2]
	at org.elasticsearch.xpack.ilm.IndexLifecycleRunner.runPeriodicStep(IndexLifecycleRunner.java:174) [x-pack-ilm-7.10.2.jar:7.10.2]
	at org.elasticsearch.xpack.ilm.IndexLifecycleService.triggerPolicies(IndexLifecycleService.java:327) [x-pack-ilm-7.10.2.jar:7.10.2]
	at org.elasticsearch.xpack.ilm.IndexLifecycleService.triggered(IndexLifecycleService.java:265) [x-pack-ilm-7.10.2.jar:7.10.2]
	at org.elasticsearch.xpack.core.scheduler.SchedulerEngine.notifyListeners(SchedulerEngine.java:183) [x-pack-core-7.10.2.jar:7.10.2]
	at org.elasticsearch.xpack.core.scheduler.SchedulerEngine$ActiveSchedule.run(SchedulerEngine.java:216) [x-pack-core-7.10.2.jar:7.10.2]
	at java.util.concurrent.Executors$RunnableAdapter.call(Executors.java:515) [?:?]
	at java.util.concurrent.FutureTask.run(FutureTask.java:264) [?:?]
	at java.util.concurrent.ScheduledThreadPoolExecutor$ScheduledFutureTask.run(ScheduledThreadPoolExecutor.java:304) [?:?]
	at java.util.concurrent.ThreadPoolExecutor.runWorker(ThreadPoolExecutor.java:1130) [?:?]
	at java.util.concurrent.ThreadPoolExecutor$Worker.run(ThreadPoolExecutor.java:630) [?:?]
	at java.lang.Thread.run(Thread.java:832) [?:?]
[2021-05-03T11:53:07,622][INFO ][o.e.x.i.IndexLifecycleRunner] [Logstash-output] policy [logstash-policy] for index [logstash-output-finished] on an error step due to a transient error, moving back to the failed step [check-rollover-ready] for execution. retry attempt [23]
[2021-05-03T12:03:07,614][ERROR][o.e.x.i.IndexLifecycleRunner] [Logstash-output] policy [logstash-policy] for index [logstash-output-finished] failed on step [{"phase":"hot","action":"rollover","name":"check-rollover-ready"}]. Moving to ERROR step
java.lang.IllegalArgumentException: index.lifecycle.rollover_alias [logstash] does not point to index [logstash-output-finished]
	at org.elasticsearch.xpack.core.ilm.WaitForRolloverReadyStep.evaluateCondition(WaitForRolloverReadyStep.java:114) [x-pack-core-7.10.2.jar:7.10.2]
	at org.elasticsearch.xpack.ilm.IndexLifecycleRunner.runPeriodicStep(IndexLifecycleRunner.java:174) [x-pack-ilm-7.10.2.jar:7.10.2]
	at org.elasticsearch.xpack.ilm.IndexLifecycleService.triggerPolicies(IndexLifecycleService.java:327) [x-pack-ilm-7.10.2.jar:7.10.2]
	at org.elasticsearch.xpack.ilm.IndexLifecycleService.triggered(IndexLifecycleService.java:265) [x-pack-ilm-7.10.2.jar:7.10.2]
	at org.elasticsearch.xpack.core.scheduler.SchedulerEngine.notifyListeners(SchedulerEngine.java:183) [x-pack-core-7.10.2.jar:7.10.2]
	at org.elasticsearch.xpack.core.scheduler.SchedulerEngine$ActiveSchedule.run(SchedulerEngine.java:216) [x-pack-core-7.10.2.jar:7.10.2]
	at java.util.concurrent.Executors$RunnableAdapter.call(Executors.java:515) [?:?]
	at java.util.concurrent.FutureTask.run(FutureTask.java:264) [?:?]
	at java.util.concurrent.ScheduledThreadPoolExecutor$ScheduledFutureTask.run(ScheduledThreadPoolExecutor.java:304) [?:?]
	at java.util.concurrent.ThreadPoolExecutor.runWorker(ThreadPoolExecutor.java:1130) [?:?]
	at java.util.concurrent.ThreadPoolExecutor$Worker.run(ThreadPoolExecutor.java:630) [?:?]
	at java.lang.Thread.run(Thread.java:832) [?:?]
[2021-05-03T12:52:48,098][INFO ][o.e.x.i.IndexLifecycleRunner] [Logstash-output] policy [logstash-policy] for index [logstash-output-finished] on an error step due to a transient error, moving back to the failed step [check-rollover-ready] for execution. retry attempt [24]
[2021-05-03T12:53:07,594][ERROR][o.e.x.i.IndexLifecycleRunner] [Logstash-output] policy [logstash-policy] for index [logstash-output-finished] failed on step [{"phase":"hot","action":"rollover","name":"check-rollover-ready"}]. Moving to ERROR step
java.lang.IllegalArgumentException: index.lifecycle.rollover_alias [logstash] does not point to index [logstash-output-finished]
	at org.elasticsearch.xpack.core.ilm.WaitForRolloverReadyStep.evaluateCondition(WaitForRolloverReadyStep.java:114) [x-pack-core-7.10.2.jar:7.10.2]
	at org.elasticsearch.xpack.ilm.IndexLifecycleRunner.runPeriodicStep(IndexLifecycleRunner.java:174) [x-pack-ilm-7.10.2.jar:7.10.2]
	at org.elasticsearch.xpack.ilm.IndexLifecycleService.triggerPolicies(IndexLifecycleService.java:327) [x-pack-ilm-7.10.2.jar:7.10.2]
	at org.elasticsearch.xpack.ilm.IndexLifecycleService.triggered(IndexLifecycleService.java:265) [x-pack-ilm-7.10.2.jar:7.10.2]
	at org.elasticsearch.xpack.core.scheduler.SchedulerEngine.notifyListeners(SchedulerEngine.java:183) [x-pack-core-7.10.2.jar:7.10.2]
	at org.elasticsearch.xpack.core.scheduler.SchedulerEngine$ActiveSchedule.run(SchedulerEngine.java:216) [x-pack-core-7.10.2.jar:7.10.2]
	at java.util.concurrent.Executors$RunnableAdapter.call(Executors.java:515) [?:?]
	at java.util.concurrent.FutureTask.run(FutureTask.java:264) [?:?]
	at java.util.concurrent.ScheduledThreadPoolExecutor$ScheduledFutureTask.run(ScheduledThreadPoolExecutor.java:304) [?:?]
	at java.util.concurrent.ThreadPoolExecutor.runWorker(ThreadPoolExecutor.java:1130) [?:?]
	at java.util.concurrent.ThreadPoolExecutor$Worker.run(ThreadPoolExecutor.java:630) [?:?]
	at java.lang.Thread.run(Thread.java:832) [?:?]
