[2021-02-02T11:22:45,765][DEPRECATION][o.e.d.c.m.MetadataCreateIndexService] [spalna] index name [.kibana-event-log-7.10.2-000001] starts with a dot '.', in the next major version, index names starting with a dot are reserved for hidden indices and system indices
[2021-02-11T10:37:16,764][DEPRECATION][o.e.d.a.b.BulkRequestParser] [Daniels-MacBook-Pro.local] [types removal] Specifying types in bulk requests is deprecated.
[2021-02-11T10:37:18,833][DEPRECATION][o.e.d.a.b.BulkRequestParser] [Daniels-MacBook-Pro.local] [types removal] Specifying types in bulk requests is deprecated.
[2021-02-11T10:37:22,847][DEPRECATION][o.e.d.a.b.BulkRequestParser] [Daniels-MacBook-Pro.local] [types removal] Specifying types in bulk requests is deprecated.
[2021-02-11T10:37:30,860][DEPRECATION][o.e.d.a.b.BulkRequestParser] [Daniels-MacBook-Pro.local] [types removal] Specifying types in bulk requests is deprecated.
[2021-02-11T10:37:46,874][DEPRECATION][o.e.d.a.b.BulkRequestParser] [Daniels-MacBook-Pro.local] [types removal] Specifying types in bulk requests is deprecated.
[2021-02-11T10:38:18,890][DEPRECATION][o.e.d.a.b.BulkRequestParser] [Daniels-MacBook-Pro.local] [types removal] Specifying types in bulk requests is deprecated.
[2021-02-11T10:39:22,909][DEPRECATION][o.e.d.a.b.BulkRequestParser] [Daniels-MacBook-Pro.local] [types removal] Specifying types in bulk requests is deprecated.
[2021-02-11T10:40:26,931][DEPRECATION][o.e.d.a.b.BulkRequestParser] [Daniels-MacBook-Pro.local] [types removal] Specifying types in bulk requests is deprecated.
[2021-02-11T10:41:30,956][DEPRECATION][o.e.d.a.b.BulkRequestParser] [Daniels-MacBook-Pro.local] [types removal] Specifying types in bulk requests is deprecated.
[2021-02-11T10:42:35,002][DEPRECATION][o.e.d.a.b.BulkRequestParser] [Daniels-MacBook-Pro.local] [types removal] Specifying types in bulk requests is deprecated.
[2021-02-11T10:43:39,071][DEPRECATION][o.e.d.a.b.BulkRequestParser] [Daniels-MacBook-Pro.local] [types removal] Specifying types in bulk requests is deprecated.
[2021-02-11T10:44:43,183][DEPRECATION][o.e.d.a.b.BulkRequestParser] [Daniels-MacBook-Pro.local] [types removal] Specifying types in bulk requests is deprecated.
[2021-02-11T10:45:47,295][DEPRECATION][o.e.d.a.b.BulkRequestParser] [Daniels-MacBook-Pro.local] [types removal] Specifying types in bulk requests is deprecated.
[2021-02-11T10:46:51,384][DEPRECATION][o.e.d.a.b.BulkRequestParser] [Daniels-MacBook-Pro.local] [types removal] Specifying types in bulk requests is deprecated.
[2021-02-11T10:47:55,524][DEPRECATION][o.e.d.a.b.BulkRequestParser] [Daniels-MacBook-Pro.local] [types removal] Specifying types in bulk requests is deprecated.
[2021-02-11T10:48:59,648][DEPRECATION][o.e.d.a.b.BulkRequestParser] [Daniels-MacBook-Pro.local] [types removal] Specifying types in bulk requests is deprecated.
[2021-02-11T10:50:03,683][DEPRECATION][o.e.d.a.b.BulkRequestParser] [Daniels-MacBook-Pro.local] [types removal] Specifying types in bulk requests is deprecated.
[2021-02-11T10:51:07,746][DEPRECATION][o.e.d.a.b.BulkRequestParser] [Daniels-MacBook-Pro.local] [types removal] Specifying types in bulk requests is deprecated.
[2021-02-11T10:52:11,896][DEPRECATION][o.e.d.a.b.BulkRequestParser] [Daniels-MacBook-Pro.local] [types removal] Specifying types in bulk requests is deprecated.
[2021-02-11T11:02:15,644][DEPRECATION][o.e.d.a.b.BulkRequestParser] [Daniels-MacBook-Pro.local] [types removal] Specifying types in bulk requests is deprecated.
[2021-02-11T11:02:15,644][DEPRECATION][o.e.d.a.b.BulkRequestParser] [Daniels-MacBook-Pro.local] [types removal] Specifying types in bulk requests is deprecated.
[2021-02-11T11:02:15,660][DEPRECATION][o.e.d.a.b.BulkRequestParser] [Daniels-MacBook-Pro.local] [types removal] Specifying types in bulk requests is deprecated.
[2021-02-11T11:02:15,894][DEPRECATION][o.e.d.a.b.BulkRequestParser] [Daniels-MacBook-Pro.local] [types removal] Specifying types in bulk requests is deprecated.
[2021-02-11T11:02:17,367][DEPRECATION][o.e.d.a.b.BulkRequestParser] [Daniels-MacBook-Pro.local] [types removal] Specifying types in bulk requests is deprecated.
[2021-02-11T11:02:17,398][DEPRECATION][o.e.d.a.b.BulkRequestParser] [Daniels-MacBook-Pro.local] [types removal] Specifying types in bulk requests is deprecated.
[2021-02-11T11:02:17,808][DEPRECATION][o.e.d.a.b.BulkRequestParser] [Daniels-MacBook-Pro.local] [types removal] Specifying types in bulk requests is deprecated.
[2021-02-11T11:02:18,104][DEPRECATION][o.e.d.a.b.BulkRequestParser] [Daniels-MacBook-Pro.local] [types removal] Specifying types in bulk requests is deprecated.
[2021-02-11T11:02:18,107][DEPRECATION][o.e.d.a.b.BulkRequestParser] [Daniels-MacBook-Pro.local] [types removal] Specifying types in bulk requests is deprecated.
[2021-02-11T11:02:18,403][DEPRECATION][o.e.d.a.b.BulkRequestParser] [Daniels-MacBook-Pro.local] [types removal] Specifying types in bulk requests is deprecated.
[2021-02-11T11:02:18,403][DEPRECATION][o.e.d.a.b.BulkRequestParser] [Daniels-MacBook-Pro.local] [types removal] Specifying types in bulk requests is deprecated.
[2021-02-11T11:02:18,512][DEPRECATION][o.e.d.a.b.BulkRequestParser] [Daniels-MacBook-Pro.local] [types removal] Specifying types in bulk requests is deprecated.
[2021-02-11T11:02:18,706][DEPRECATION][o.e.d.a.b.BulkRequestParser] [Daniels-MacBook-Pro.local] [types removal] Specifying types in bulk requests is deprecated.
[2021-02-11T11:02:18,708][DEPRECATION][o.e.d.a.b.BulkRequestParser] [Daniels-MacBook-Pro.local] [types removal] Specifying types in bulk requests is deprecated.
[2021-02-11T11:02:19,019][DEPRECATION][o.e.d.a.b.BulkRequestParser] [Daniels-MacBook-Pro.local] [types removal] Specifying types in bulk requests is deprecated.
[2021-02-11T11:02:19,217][DEPRECATION][o.e.d.a.b.BulkRequestParser] [Daniels-MacBook-Pro.local] [types removal] Specifying types in bulk requests is deprecated.
[2021-02-11T11:02:19,217][DEPRECATION][o.e.d.a.b.BulkRequestParser] [Daniels-MacBook-Pro.local] [types removal] Specifying types in bulk requests is deprecated.
[2021-02-11T11:02:19,618][DEPRECATION][o.e.d.a.b.BulkRequestParser] [Daniels-MacBook-Pro.local] [types removal] Specifying types in bulk requests is deprecated.
[2021-02-11T11:02:19,712][DEPRECATION][o.e.d.a.b.BulkRequestParser] [Daniels-MacBook-Pro.local] [types removal] Specifying types in bulk requests is deprecated.
[2021-02-11T11:02:19,712][DEPRECATION][o.e.d.a.b.BulkRequestParser] [Daniels-MacBook-Pro.local] [types removal] Specifying types in bulk requests is deprecated.
[2021-02-11T11:02:20,316][DEPRECATION][o.e.d.a.b.BulkRequestParser] [Daniels-MacBook-Pro.local] [types removal] Specifying types in bulk requests is deprecated.
[2021-02-11T11:02:20,326][DEPRECATION][o.e.d.a.b.BulkRequestParser] [Daniels-MacBook-Pro.local] [types removal] Specifying types in bulk requests is deprecated.
[2021-02-11T11:02:20,424][DEPRECATION][o.e.d.a.b.BulkRequestParser] [Daniels-MacBook-Pro.local] [types removal] Specifying types in bulk requests is deprecated.
[2021-02-11T11:02:20,615][DEPRECATION][o.e.d.a.b.BulkRequestParser] [Daniels-MacBook-Pro.local] [types removal] Specifying types in bulk requests is deprecated.
[2021-02-11T11:02:20,720][DEPRECATION][o.e.d.a.b.BulkRequestParser] [Daniels-MacBook-Pro.local] [types removal] Specifying types in bulk requests is deprecated.
[2021-02-11T11:02:21,018][DEPRECATION][o.e.d.a.b.BulkRequestParser] [Daniels-MacBook-Pro.local] [types removal] Specifying types in bulk requests is deprecated.
[2021-02-11T11:02:21,113][DEPRECATION][o.e.d.a.b.BulkRequestParser] [Daniels-MacBook-Pro.local] [types removal] Specifying types in bulk requests is deprecated.
[2021-02-11T11:02:21,324][DEPRECATION][o.e.d.a.b.BulkRequestParser] [Daniels-MacBook-Pro.local] [types removal] Specifying types in bulk requests is deprecated.
[2021-02-11T11:02:21,324][DEPRECATION][o.e.d.a.b.BulkRequestParser] [Daniels-MacBook-Pro.local] [types removal] Specifying types in bulk requests is deprecated.
[2021-02-11T11:02:21,723][DEPRECATION][o.e.d.a.b.BulkRequestParser] [Daniels-MacBook-Pro.local] [types removal] Specifying types in bulk requests is deprecated.
[2021-02-11T11:02:21,724][DEPRECATION][o.e.d.a.b.BulkRequestParser] [Daniels-MacBook-Pro.local] [types removal] Specifying types in bulk requests is deprecated.
[2021-02-11T11:02:21,836][DEPRECATION][o.e.d.a.b.BulkRequestParser] [Daniels-MacBook-Pro.local] [types removal] Specifying types in bulk requests is deprecated.
[2021-02-11T11:02:22,042][DEPRECATION][o.e.d.a.b.BulkRequestParser] [Daniels-MacBook-Pro.local] [types removal] Specifying types in bulk requests is deprecated.
[2021-02-11T11:02:22,144][DEPRECATION][o.e.d.a.b.BulkRequestParser] [Daniels-MacBook-Pro.local] [types removal] Specifying types in bulk requests is deprecated.
[2021-02-11T11:02:22,144][DEPRECATION][o.e.d.a.b.BulkRequestParser] [Daniels-MacBook-Pro.local] [types removal] Specifying types in bulk requests is deprecated.
[2021-02-11T11:02:22,278][DEPRECATION][o.e.d.a.b.BulkRequestParser] [Daniels-MacBook-Pro.local] [types removal] Specifying types in bulk requests is deprecated.
[2021-02-11T11:02:22,382][DEPRECATION][o.e.d.a.b.BulkRequestParser] [Daniels-MacBook-Pro.local] [types removal] Specifying types in bulk requests is deprecated.
[2021-02-11T11:02:22,383][DEPRECATION][o.e.d.a.b.BulkRequestParser] [Daniels-MacBook-Pro.local] [types removal] Specifying types in bulk requests is deprecated.
[2021-02-11T11:02:22,523][DEPRECATION][o.e.d.a.b.BulkRequestParser] [Daniels-MacBook-Pro.local] [types removal] Specifying types in bulk requests is deprecated.
[2021-02-11T11:02:22,675][DEPRECATION][o.e.d.a.b.BulkRequestParser] [Daniels-MacBook-Pro.local] [types removal] Specifying types in bulk requests is deprecated.
[2021-02-11T11:02:22,752][DEPRECATION][o.e.d.a.b.BulkRequestParser] [Daniels-MacBook-Pro.local] [types removal] Specifying types in bulk requests is deprecated.
[2021-02-11T11:02:22,952][DEPRECATION][o.e.d.a.b.BulkRequestParser] [Daniels-MacBook-Pro.local] [types removal] Specifying types in bulk requests is deprecated.
[2021-02-11T11:02:22,961][DEPRECATION][o.e.d.a.b.BulkRequestParser] [Daniels-MacBook-Pro.local] [types removal] Specifying types in bulk requests is deprecated.
[2021-02-11T11:02:23,461][DEPRECATION][o.e.d.a.b.BulkRequestParser] [Daniels-MacBook-Pro.local] [types removal] Specifying types in bulk requests is deprecated.
[2021-02-11T11:02:23,463][DEPRECATION][o.e.d.a.b.BulkRequestParser] [Daniels-MacBook-Pro.local] [types removal] Specifying types in bulk requests is deprecated.
[2021-02-11T11:02:23,860][DEPRECATION][o.e.d.a.b.BulkRequestParser] [Daniels-MacBook-Pro.local] [types removal] Specifying types in bulk requests is deprecated.
[2021-02-11T11:02:23,968][DEPRECATION][o.e.d.a.b.BulkRequestParser] [Daniels-MacBook-Pro.local] [types removal] Specifying types in bulk requests is deprecated.
[2021-02-11T11:02:23,973][DEPRECATION][o.e.d.a.b.BulkRequestParser] [Daniels-MacBook-Pro.local] [types removal] Specifying types in bulk requests is deprecated.
[2021-02-11T11:02:23,975][DEPRECATION][o.e.d.a.b.BulkRequestParser] [Daniels-MacBook-Pro.local] [types removal] Specifying types in bulk requests is deprecated.
[2021-02-11T11:02:24,067][DEPRECATION][o.e.d.a.b.BulkRequestParser] [Daniels-MacBook-Pro.local] [types removal] Specifying types in bulk requests is deprecated.
[2021-02-11T11:02:24,587][DEPRECATION][o.e.d.a.b.BulkRequestParser] [Daniels-MacBook-Pro.local] [types removal] Specifying types in bulk requests is deprecated.
[2021-02-11T11:02:24,594][DEPRECATION][o.e.d.a.b.BulkRequestParser] [Daniels-MacBook-Pro.local] [types removal] Specifying types in bulk requests is deprecated.
[2021-02-11T11:02:24,596][DEPRECATION][o.e.d.a.b.BulkRequestParser] [Daniels-MacBook-Pro.local] [types removal] Specifying types in bulk requests is deprecated.
[2021-02-11T11:02:24,694][DEPRECATION][o.e.d.a.b.BulkRequestParser] [Daniels-MacBook-Pro.local] [types removal] Specifying types in bulk requests is deprecated.
[2021-02-11T11:02:24,999][DEPRECATION][o.e.d.a.b.BulkRequestParser] [Daniels-MacBook-Pro.local] [types removal] Specifying types in bulk requests is deprecated.
[2021-02-11T11:02:25,001][DEPRECATION][o.e.d.a.b.BulkRequestParser] [Daniels-MacBook-Pro.local] [types removal] Specifying types in bulk requests is deprecated.
[2021-02-11T11:02:25,412][DEPRECATION][o.e.d.a.b.BulkRequestParser] [Daniels-MacBook-Pro.local] [types removal] Specifying types in bulk requests is deprecated.
[2021-02-11T11:02:26,012][DEPRECATION][o.e.d.a.b.BulkRequestParser] [Daniels-MacBook-Pro.local] [types removal] Specifying types in bulk requests is deprecated.
[2021-02-11T11:02:26,014][DEPRECATION][o.e.d.a.b.BulkRequestParser] [Daniels-MacBook-Pro.local] [types removal] Specifying types in bulk requests is deprecated.
[2021-02-11T11:02:26,210][DEPRECATION][o.e.d.a.b.BulkRequestParser] [Daniels-MacBook-Pro.local] [types removal] Specifying types in bulk requests is deprecated.
[2021-02-11T11:02:26,511][DEPRECATION][o.e.d.a.b.BulkRequestParser] [Daniels-MacBook-Pro.local] [types removal] Specifying types in bulk requests is deprecated.
[2021-02-11T11:02:26,513][DEPRECATION][o.e.d.a.b.BulkRequestParser] [Daniels-MacBook-Pro.local] [types removal] Specifying types in bulk requests is deprecated.
[2021-02-11T11:02:26,613][DEPRECATION][o.e.d.a.b.BulkRequestParser] [Daniels-MacBook-Pro.local] [types removal] Specifying types in bulk requests is deprecated.
[2021-02-11T11:02:26,728][DEPRECATION][o.e.d.a.b.BulkRequestParser] [Daniels-MacBook-Pro.local] [types removal] Specifying types in bulk requests is deprecated.
[2021-02-11T11:02:26,820][DEPRECATION][o.e.d.a.b.BulkRequestParser] [Daniels-MacBook-Pro.local] [types removal] Specifying types in bulk requests is deprecated.
[2021-02-11T11:02:27,037][DEPRECATION][o.e.d.a.b.BulkRequestParser] [Daniels-MacBook-Pro.local] [types removal] Specifying types in bulk requests is deprecated.
[2021-02-11T11:03:26,143][DEPRECATION][o.e.d.a.b.BulkRequestParser] [Daniels-MacBook-Pro.local] [types removal] Specifying types in bulk requests is deprecated.
[2021-02-11T11:21:51,211][DEPRECATION][o.e.d.a.b.BulkRequestParser] [Daniels-MacBook-Pro.local] [types removal] Specifying types in bulk requests is deprecated.
[2021-02-11T11:21:51,212][DEPRECATION][o.e.d.a.b.BulkRequestParser] [Daniels-MacBook-Pro.local] [types removal] Specifying types in bulk requests is deprecated.
[2021-02-11T11:21:51,213][DEPRECATION][o.e.d.a.b.BulkRequestParser] [Daniels-MacBook-Pro.local] [types removal] Specifying types in bulk requests is deprecated.
[2021-02-11T11:21:51,240][DEPRECATION][o.e.d.a.b.BulkRequestParser] [Daniels-MacBook-Pro.local] [types removal] Specifying types in bulk requests is deprecated.
[2021-02-11T12:05:17,056][DEPRECATION][o.e.d.a.b.BulkRequestParser] [Daniels-MacBook-Pro.local] [types removal] Specifying types in bulk requests is deprecated.
[2021-02-11T12:05:17,057][DEPRECATION][o.e.d.a.b.BulkRequestParser] [Daniels-MacBook-Pro.local] [types removal] Specifying types in bulk requests is deprecated.
[2021-02-11T12:05:17,057][DEPRECATION][o.e.d.a.b.BulkRequestParser] [Daniels-MacBook-Pro.local] [types removal] Specifying types in bulk requests is deprecated.
[2021-02-11T12:05:17,056][DEPRECATION][o.e.d.a.b.BulkRequestParser] [Daniels-MacBook-Pro.local] [types removal] Specifying types in bulk requests is deprecated.
[2021-02-11T12:10:19,977][DEPRECATION][o.e.d.a.b.BulkRequestParser] [Daniels-MacBook-Pro.local] [types removal] Specifying types in bulk requests is deprecated.
[2021-02-11T12:10:19,977][DEPRECATION][o.e.d.a.b.BulkRequestParser] [Daniels-MacBook-Pro.local] [types removal] Specifying types in bulk requests is deprecated.
[2021-02-11T12:10:19,990][DEPRECATION][o.e.d.a.b.BulkRequestParser] [Daniels-MacBook-Pro.local] [types removal] Specifying types in bulk requests is deprecated.
[2021-02-11T12:10:20,199][DEPRECATION][o.e.d.a.b.BulkRequestParser] [Daniels-MacBook-Pro.local] [types removal] Specifying types in bulk requests is deprecated.
[2021-02-11T12:20:08,838][DEPRECATION][o.e.d.a.b.BulkRequestParser] [Daniels-MacBook-Pro.local] [types removal] Specifying types in bulk requests is deprecated.
[2021-02-11T12:20:08,838][DEPRECATION][o.e.d.a.b.BulkRequestParser] [Daniels-MacBook-Pro.local] [types removal] Specifying types in bulk requests is deprecated.
[2021-02-11T12:20:08,851][DEPRECATION][o.e.d.a.b.BulkRequestParser] [Daniels-MacBook-Pro.local] [types removal] Specifying types in bulk requests is deprecated.
[2021-02-11T12:20:08,851][DEPRECATION][o.e.d.a.b.BulkRequestParser] [Daniels-MacBook-Pro.local] [types removal] Specifying types in bulk requests is deprecated.
[2021-02-13T11:10:04,636][DEPRECATION][o.e.d.a.b.BulkRequestParser] [daniels-mbp] [types removal] Specifying types in bulk requests is deprecated.
[2021-02-13T11:10:04,636][DEPRECATION][o.e.d.a.b.BulkRequestParser] [daniels-mbp] [types removal] Specifying types in bulk requests is deprecated.
[2021-02-13T11:10:04,635][DEPRECATION][o.e.d.a.b.BulkRequestParser] [daniels-mbp] [types removal] Specifying types in bulk requests is deprecated.
[2021-02-13T11:10:04,636][DEPRECATION][o.e.d.a.b.BulkRequestParser] [daniels-mbp] [types removal] Specifying types in bulk requests is deprecated.
[2021-02-13T11:13:16,128][DEPRECATION][o.e.d.a.b.BulkRequestParser] [daniels-mbp] [types removal] Specifying types in bulk requests is deprecated.
[2021-02-13T11:16:47,147][DEPRECATION][o.e.d.a.b.BulkRequestParser] [daniels-mbp] [types removal] Specifying types in bulk requests is deprecated.
[2021-02-13T11:32:02,991][DEPRECATION][o.e.d.a.b.BulkRequestParser] [daniels-mbp] [types removal] Specifying types in bulk requests is deprecated.
[2021-02-13T11:40:52,373][DEPRECATION][o.e.d.a.b.BulkRequestParser] [daniels-mbp] [types removal] Specifying types in bulk requests is deprecated.
[2021-02-13T11:41:22,391][DEPRECATION][o.e.d.a.b.BulkRequestParser] [daniels-mbp] [types removal] Specifying types in bulk requests is deprecated.
[2021-02-13T11:42:52,200][DEPRECATION][o.e.d.a.b.BulkRequestParser] [daniels-mbp] [types removal] Specifying types in bulk requests is deprecated.
[2021-02-13T11:43:52,403][DEPRECATION][o.e.d.a.b.BulkRequestParser] [daniels-mbp] [types removal] Specifying types in bulk requests is deprecated.
[2021-02-13T11:43:52,420][DEPRECATION][o.e.d.a.b.BulkRequestParser] [daniels-mbp] [types removal] Specifying types in bulk requests is deprecated.
[2021-02-13T11:43:52,430][DEPRECATION][o.e.d.a.b.BulkRequestParser] [daniels-mbp] [types removal] Specifying types in bulk requests is deprecated.
[2021-02-13T11:43:52,430][DEPRECATION][o.e.d.a.b.BulkRequestParser] [daniels-mbp] [types removal] Specifying types in bulk requests is deprecated.
[2021-02-13T11:46:50,685][DEPRECATION][o.e.d.a.b.BulkRequestParser] [daniels-mbp] [types removal] Specifying types in bulk requests is deprecated.
[2021-02-13T11:48:24,469][DEPRECATION][o.e.d.a.b.BulkRequestParser] [daniels-mbp] [types removal] Specifying types in bulk requests is deprecated.
[2021-02-13T11:49:22,018][DEPRECATION][o.e.d.a.b.BulkRequestParser] [daniels-mbp] [types removal] Specifying types in bulk requests is deprecated.
[2021-02-13T11:50:21,400][DEPRECATION][o.e.d.a.b.BulkRequestParser] [daniels-mbp] [types removal] Specifying types in bulk requests is deprecated.
[2021-02-13T11:51:21,229][DEPRECATION][o.e.d.a.b.BulkRequestParser] [daniels-mbp] [types removal] Specifying types in bulk requests is deprecated.
[2021-02-13T11:52:16,563][DEPRECATION][o.e.d.a.b.BulkRequestParser] [daniels-mbp] [types removal] Specifying types in bulk requests is deprecated.
[2021-02-14T10:16:34,089][DEPRECATION][o.e.d.a.b.BulkRequestParser] [daniels-mbp] [types removal] Specifying types in bulk requests is deprecated.
[2021-02-14T10:21:09,953][DEPRECATION][o.e.d.a.b.BulkRequestParser] [daniels-mbp] [types removal] Specifying types in bulk requests is deprecated.
[2021-02-14T11:35:46,877][DEPRECATION][o.e.d.a.b.BulkRequestParser] [daniels-mbp] [types removal] Specifying types in bulk requests is deprecated.
[2021-02-14T11:37:06,748][DEPRECATION][o.e.d.a.b.BulkRequestParser] [daniels-mbp] [types removal] Specifying types in bulk requests is deprecated.
[2021-02-14T11:41:52,855][DEPRECATION][o.e.d.a.b.BulkRequestParser] [daniels-mbp] [types removal] Specifying types in bulk requests is deprecated.
[2021-02-14T11:43:02,459][DEPRECATION][o.e.d.a.b.BulkRequestParser] [daniels-mbp] [types removal] Specifying types in bulk requests is deprecated.
[2021-02-14T11:43:59,928][DEPRECATION][o.e.d.a.b.BulkRequestParser] [daniels-mbp] [types removal] Specifying types in bulk requests is deprecated.
[2021-02-14T11:46:17,365][DEPRECATION][o.e.d.a.b.BulkRequestParser] [daniels-mbp] [types removal] Specifying types in bulk requests is deprecated.
[2021-02-14T11:48:28,550][DEPRECATION][o.e.d.a.b.BulkRequestParser] [daniels-mbp] [types removal] Specifying types in bulk requests is deprecated.
[2021-02-14T11:49:42,942][DEPRECATION][o.e.d.a.b.BulkRequestParser] [daniels-mbp] [types removal] Specifying types in bulk requests is deprecated.
[2021-02-14T11:50:53,140][DEPRECATION][o.e.d.a.b.BulkRequestParser] [daniels-mbp] [types removal] Specifying types in bulk requests is deprecated.
[2021-02-14T11:51:55,021][DEPRECATION][o.e.d.a.b.BulkRequestParser] [daniels-mbp] [types removal] Specifying types in bulk requests is deprecated.
[2021-02-14T11:52:42,626][DEPRECATION][o.e.d.a.b.BulkRequestParser] [daniels-mbp] [types removal] Specifying types in bulk requests is deprecated.
[2021-02-14T11:53:42,646][DEPRECATION][o.e.d.a.b.BulkRequestParser] [daniels-mbp] [types removal] Specifying types in bulk requests is deprecated.
[2021-02-14T11:59:41,924][DEPRECATION][o.e.d.a.b.BulkRequestParser] [daniels-mbp] [types removal] Specifying types in bulk requests is deprecated.
[2021-02-14T12:00:37,186][DEPRECATION][o.e.d.a.b.BulkRequestParser] [daniels-mbp] [types removal] Specifying types in bulk requests is deprecated.
[2021-02-14T12:02:10,269][DEPRECATION][o.e.d.a.b.BulkRequestParser] [daniels-mbp] [types removal] Specifying types in bulk requests is deprecated.
[2021-02-14T12:03:04,556][DEPRECATION][o.e.d.a.b.BulkRequestParser] [daniels-mbp] [types removal] Specifying types in bulk requests is deprecated.
[2021-02-15T11:12:33,327][DEPRECATION][o.e.d.a.b.BulkRequestParser] [daniels-mbp] [types removal] Specifying types in bulk requests is deprecated.
[2021-02-15T11:23:39,535][DEPRECATION][o.e.d.a.b.BulkRequestParser] [daniels-mbp] [types removal] Specifying types in bulk requests is deprecated.
[2021-02-15T11:32:22,199][DEPRECATION][o.e.d.a.b.BulkRequestParser] [daniels-mbp] [types removal] Specifying types in bulk requests is deprecated.
[2021-02-15T11:55:16,161][DEPRECATION][o.e.d.a.b.BulkRequestParser] [daniels-mbp] [types removal] Specifying types in bulk requests is deprecated.
[2021-02-15T11:56:01,250][DEPRECATION][o.e.d.a.b.BulkRequestParser] [daniels-mbp] [types removal] Specifying types in bulk requests is deprecated.
[2021-02-15T11:58:41,716][DEPRECATION][o.e.d.a.b.BulkRequestParser] [daniels-mbp] [types removal] Specifying types in bulk requests is deprecated.
[2021-02-15T11:59:26,812][DEPRECATION][o.e.d.a.b.BulkRequestParser] [daniels-mbp] [types removal] Specifying types in bulk requests is deprecated.
[2021-02-15T11:59:56,919][DEPRECATION][o.e.d.a.b.BulkRequestParser] [daniels-mbp] [types removal] Specifying types in bulk requests is deprecated.
[2021-02-18T13:49:51,083][DEPRECATION][o.e.d.a.b.BulkRequestParser] [daniels-mbp] [types removal] Specifying types in bulk requests is deprecated.
[2021-02-22T12:29:56,762][DEPRECATION][o.e.d.a.b.BulkRequestParser] [daniels-mbp] [types removal] Specifying types in bulk requests is deprecated.
[2021-02-22T12:31:46,847][DEPRECATION][o.e.d.a.b.BulkRequestParser] [daniels-mbp] [types removal] Specifying types in bulk requests is deprecated.
[2021-02-25T13:12:22,673][DEPRECATION][o.e.d.a.b.BulkRequestParser] [daniels-mbp] [types removal] Specifying types in bulk requests is deprecated.
[2021-02-25T13:12:22,673][DEPRECATION][o.e.d.a.b.BulkRequestParser] [daniels-mbp] [types removal] Specifying types in bulk requests is deprecated.
[2021-02-25T13:12:28,746][DEPRECATION][o.e.d.a.b.BulkRequestParser] [daniels-mbp] [types removal] Specifying types in bulk requests is deprecated.
[2021-02-25T13:15:46,105][DEPRECATION][o.e.d.a.b.BulkRequestParser] [daniels-mbp] [types removal] Specifying types in bulk requests is deprecated.
[2021-02-26T13:45:45,933][DEPRECATION][o.e.d.a.b.BulkRequestParser] [daniels-mbp] [types removal] Specifying types in bulk requests is deprecated.
[2021-02-26T13:45:45,933][DEPRECATION][o.e.d.a.b.BulkRequestParser] [daniels-mbp] [types removal] Specifying types in bulk requests is deprecated.
[2021-02-26T13:45:45,933][DEPRECATION][o.e.d.a.b.BulkRequestParser] [daniels-mbp] [types removal] Specifying types in bulk requests is deprecated.
[2021-02-26T13:45:46,681][DEPRECATION][o.e.d.a.b.BulkRequestParser] [daniels-mbp] [types removal] Specifying types in bulk requests is deprecated.
[2021-02-26T15:11:36,852][DEPRECATION][o.e.d.a.b.BulkRequestParser] [daniels-mbp] [types removal] Specifying types in bulk requests is deprecated.
[2021-02-26T15:15:52,781][DEPRECATION][o.e.d.a.b.BulkRequestParser] [daniels-mbp] [types removal] Specifying types in bulk requests is deprecated.
[2021-02-26T15:23:50,251][DEPRECATION][o.e.d.a.b.BulkRequestParser] [daniels-mbp] [types removal] Specifying types in bulk requests is deprecated.
[2021-02-26T15:28:45,746][DEPRECATION][o.e.d.a.b.BulkRequestParser] [daniels-mbp] [types removal] Specifying types in bulk requests is deprecated.
[2021-02-26T15:30:48,379][DEPRECATION][o.e.d.a.b.BulkRequestParser] [daniels-mbp] [types removal] Specifying types in bulk requests is deprecated.
[2021-02-27T14:03:46,231][DEPRECATION][o.e.d.a.b.BulkRequestParser] [daniels-mbp] [types removal] Specifying types in bulk requests is deprecated.
[2021-02-27T14:08:56,813][DEPRECATION][o.e.d.a.b.BulkRequestParser] [daniels-mbp] [types removal] Specifying types in bulk requests is deprecated.
[2021-02-27T14:09:19,973][DEPRECATION][o.e.d.a.b.BulkRequestParser] [daniels-mbp] [types removal] Specifying types in bulk requests is deprecated.
[2021-02-27T14:12:35,112][DEPRECATION][o.e.d.a.b.BulkRequestParser] [daniels-mbp] [types removal] Specifying types in bulk requests is deprecated.
[2021-02-27T14:18:50,339][DEPRECATION][o.e.d.a.b.BulkRequestParser] [daniels-mbp] [types removal] Specifying types in bulk requests is deprecated.
[2021-02-27T14:18:58,737][DEPRECATION][o.e.d.a.b.BulkRequestParser] [daniels-mbp] [types removal] Specifying types in bulk requests is deprecated.
[2021-03-01T12:02:33,761][DEPRECATION][o.e.d.a.b.BulkRequestParser] [daniels-mbp] [types removal] Specifying types in bulk requests is deprecated.
[2021-03-03T11:31:18,597][DEPRECATION][o.e.d.r.a.s.RestSearchAction] [Logstash-output] [types removal] Specifying types in search requests is deprecated.
[2021-03-03T11:32:11,613][DEPRECATION][o.e.d.c.m.IndexNameExpressionResolver] [Logstash-output] this request accesses system indices: [.apm-agent-configuration, .apm-custom-link, .kibana_1, .kibana_task_manager_1], but in a future major version, direct access to system indices will be prevented by default
[2021-03-03T11:32:11,617][DEPRECATION][o.e.d.a.a.i.a.g.TransportGetAliasesAction] [Logstash-output] this request accesses system indices: [.apm-custom-link, .kibana_1, .apm-agent-configuration, .kibana_task_manager_1], but in a future major version, direct access to system indices will be prevented by default
[2021-03-03T11:32:47,149][DEPRECATION][o.e.d.r.a.s.RestSearchAction] [Logstash-output] [types removal] Specifying types in search requests is deprecated.
[2021-03-03T11:32:51,180][DEPRECATION][o.e.d.r.a.s.RestSearchAction] [Logstash-output] [types removal] Specifying types in search requests is deprecated.
[2021-03-03T11:33:38,411][DEPRECATION][o.e.d.r.a.s.RestSearchAction] [Logstash-output] [types removal] Specifying types in search requests is deprecated.
[2021-03-03T11:33:55,058][DEPRECATION][o.e.d.r.a.s.RestSearchAction] [Logstash-output] [types removal] Specifying types in search requests is deprecated.
[2021-03-03T11:34:10,292][DEPRECATION][o.e.d.r.a.s.RestSearchAction] [Logstash-output] [types removal] Specifying types in search requests is deprecated.
[2021-03-03T11:49:59,876][DEPRECATION][o.e.d.r.a.s.RestSearchAction] [Logstash-output] [types removal] Specifying types in search requests is deprecated.
[2021-03-03T11:55:36,525][DEPRECATION][o.e.d.a.b.BulkRequestParser] [Logstash-output] [types removal] Specifying types in bulk requests is deprecated.
[2021-03-03T11:55:52,973][DEPRECATION][o.e.d.r.a.s.RestSearchAction] [Logstash-output] [types removal] Specifying types in search requests is deprecated.
[2021-03-03T11:56:06,219][DEPRECATION][o.e.d.r.a.s.RestSearchAction] [Logstash-output] [types removal] Specifying types in search requests is deprecated.
[2021-03-03T11:56:57,286][DEPRECATION][o.e.d.r.a.s.RestSearchAction] [Logstash-output] [types removal] Specifying types in search requests is deprecated.
[2021-03-03T11:58:57,995][DEPRECATION][o.e.d.c.m.IndexNameExpressionResolver] [Logstash-output] this request accesses system indices: [.apm-agent-configuration, .apm-custom-link, .kibana_1, .kibana_task_manager_1], but in a future major version, direct access to system indices will be prevented by default
[2021-03-03T11:58:57,999][DEPRECATION][o.e.d.a.a.i.a.g.TransportGetAliasesAction] [Logstash-output] this request accesses system indices: [.kibana_task_manager_1, .apm-agent-configuration, .apm-custom-link, .kibana_1], but in a future major version, direct access to system indices will be prevented by default
[2021-03-03T12:04:00,475][DEPRECATION][o.e.d.r.a.s.RestSearchAction] [Logstash-output] [types removal] Specifying types in search requests is deprecated.
[2021-03-03T12:04:07,315][DEPRECATION][o.e.d.r.a.s.RestSearchAction] [Logstash-output] [types removal] Specifying types in search requests is deprecated.
[2021-03-03T12:04:17,752][DEPRECATION][o.e.d.r.a.s.RestSearchAction] [Logstash-output] [types removal] Specifying types in search requests is deprecated.
[2021-03-03T12:12:09,575][DEPRECATION][o.e.d.r.a.s.RestSearchAction] [Logstash-output] [types removal] Specifying types in search requests is deprecated.
[2021-03-03T12:13:27,493][DEPRECATION][o.e.d.r.a.s.RestSearchAction] [Logstash-output] [types removal] Specifying types in search requests is deprecated.
[2021-03-03T12:35:34,471][DEPRECATION][o.e.d.a.b.BulkRequestParser] [Logstash-output] [types removal] Specifying types in bulk requests is deprecated.
[2021-03-03T13:35:07,952][DEPRECATION][o.e.d.r.a.s.RestSearchAction] [Logstash-output] [types removal] Specifying types in search requests is deprecated.
[2021-03-03T13:35:14,826][DEPRECATION][o.e.d.r.a.s.RestSearchAction] [Logstash-output] [types removal] Specifying types in search requests is deprecated.
[2021-03-03T13:50:25,220][DEPRECATION][o.e.d.c.m.IndexNameExpressionResolver] [Logstash-output] this request accesses system indices: [.apm-agent-configuration, .apm-custom-link, .kibana_1, .kibana_task_manager_1], but in a future major version, direct access to system indices will be prevented by default
[2021-03-03T13:50:25,251][DEPRECATION][o.e.d.a.a.i.a.g.TransportGetAliasesAction] [Logstash-output] this request accesses system indices: [.kibana_task_manager_1, .apm-agent-configuration, .apm-custom-link, .kibana_1], but in a future major version, direct access to system indices will be prevented by default
[2021-03-03T13:53:55,616][DEPRECATION][o.e.d.c.m.IndexNameExpressionResolver] [Logstash-output] this request accesses system indices: [.apm-agent-configuration, .apm-custom-link, .kibana_1, .kibana_task_manager_1], but in a future major version, direct access to system indices will be prevented by default
[2021-03-03T13:53:55,628][DEPRECATION][o.e.d.a.a.i.a.g.TransportGetAliasesAction] [Logstash-output] this request accesses system indices: [.apm-custom-link, .kibana_1, .kibana_task_manager_1, .apm-agent-configuration], but in a future major version, direct access to system indices will be prevented by default
[2021-03-03T13:54:08,499][DEPRECATION][o.e.d.c.m.IndexNameExpressionResolver] [Logstash-output] this request accesses system indices: [.apm-agent-configuration, .apm-custom-link, .kibana_1, .kibana_task_manager_1], but in a future major version, direct access to system indices will be prevented by default
[2021-03-03T13:54:08,501][DEPRECATION][o.e.d.a.a.i.a.g.TransportGetAliasesAction] [Logstash-output] this request accesses system indices: [.apm-custom-link, .apm-agent-configuration, .kibana_task_manager_1, .kibana_1], but in a future major version, direct access to system indices will be prevented by default
[2021-03-03T13:54:10,104][DEPRECATION][o.e.d.c.m.IndexNameExpressionResolver] [Logstash-output] this request accesses system indices: [.apm-agent-configuration, .apm-custom-link, .kibana_1, .kibana_task_manager_1], but in a future major version, direct access to system indices will be prevented by default
[2021-03-03T13:54:10,105][DEPRECATION][o.e.d.a.a.i.a.g.TransportGetAliasesAction] [Logstash-output] this request accesses system indices: [.apm-agent-configuration, .kibana_1, .kibana_task_manager_1, .apm-custom-link], but in a future major version, direct access to system indices will be prevented by default
[2021-03-03T13:54:44,928][DEPRECATION][o.e.d.a.b.BulkRequestParser] [Logstash-output] [types removal] Specifying types in bulk requests is deprecated.
[2021-03-03T13:55:06,784][DEPRECATION][o.e.d.c.m.IndexNameExpressionResolver] [Logstash-output] this request accesses system indices: [.apm-agent-configuration, .apm-custom-link, .kibana_1, .kibana_task_manager_1], but in a future major version, direct access to system indices will be prevented by default
[2021-03-03T13:55:06,785][DEPRECATION][o.e.d.a.a.i.a.g.TransportGetAliasesAction] [Logstash-output] this request accesses system indices: [.apm-agent-configuration, .kibana_1, .kibana_task_manager_1, .apm-custom-link], but in a future major version, direct access to system indices will be prevented by default
[2021-03-03T13:58:42,056][DEPRECATION][o.e.d.c.m.IndexNameExpressionResolver] [Logstash-output] this request accesses system indices: [.apm-agent-configuration, .apm-custom-link, .kibana_1, .kibana_task_manager_1], but in a future major version, direct access to system indices will be prevented by default
[2021-03-03T13:58:42,057][DEPRECATION][o.e.d.a.a.i.a.g.TransportGetAliasesAction] [Logstash-output] this request accesses system indices: [.kibana_1, .apm-custom-link, .apm-agent-configuration, .kibana_task_manager_1], but in a future major version, direct access to system indices will be prevented by default
[2021-03-03T14:07:58,752][DEPRECATION][o.e.d.c.m.IndexNameExpressionResolver] [Logstash-output] this request accesses system indices: [.apm-agent-configuration, .apm-custom-link, .kibana_1, .kibana_task_manager_1], but in a future major version, direct access to system indices will be prevented by default
[2021-03-03T14:07:58,760][DEPRECATION][o.e.d.a.a.i.a.g.TransportGetAliasesAction] [Logstash-output] this request accesses system indices: [.kibana_1, .apm-agent-configuration, .apm-custom-link, .kibana_task_manager_1], but in a future major version, direct access to system indices will be prevented by default
[2021-03-04T11:31:37,260][DEPRECATION][o.e.d.c.m.MetadataCreateIndexService] [Logstash-output] index name [.kibana-event-log-7.10.2-000002] starts with a dot '.', in the next major version, index names starting with a dot are reserved for hidden indices and system indices
[2021-03-05T10:43:32,245][DEPRECATION][o.e.d.c.m.IndexNameExpressionResolver] [Logstash-output] this request accesses system indices: [.apm-agent-configuration, .apm-custom-link, .kibana_1, .kibana_task_manager_1], but in a future major version, direct access to system indices will be prevented by default
[2021-03-05T10:43:32,312][DEPRECATION][o.e.d.a.a.i.a.g.TransportGetAliasesAction] [Logstash-output] this request accesses system indices: [.apm-custom-link, .kibana_task_manager_1, .kibana_1, .apm-agent-configuration], but in a future major version, direct access to system indices will be prevented by default
[2021-03-05T10:44:52,822][DEPRECATION][o.e.d.c.m.IndexNameExpressionResolver] [Logstash-output] this request accesses system indices: [.apm-agent-configuration, .apm-custom-link, .kibana_1, .kibana_task_manager_1], but in a future major version, direct access to system indices will be prevented by default
[2021-03-05T10:44:52,824][DEPRECATION][o.e.d.a.a.i.a.g.TransportGetAliasesAction] [Logstash-output] this request accesses system indices: [.apm-agent-configuration, .apm-custom-link, .kibana_task_manager_1, .kibana_1], but in a future major version, direct access to system indices will be prevented by default
[2021-03-05T10:45:18,166][DEPRECATION][o.e.d.a.b.BulkRequestParser] [Logstash-output] [types removal] Specifying types in bulk requests is deprecated.
[2021-03-05T10:45:28,991][DEPRECATION][o.e.d.c.m.IndexNameExpressionResolver] [Logstash-output] this request accesses system indices: [.apm-agent-configuration, .apm-custom-link, .kibana_1, .kibana_task_manager_1], but in a future major version, direct access to system indices will be prevented by default
[2021-03-05T10:45:28,992][DEPRECATION][o.e.d.a.a.i.a.g.TransportGetAliasesAction] [Logstash-output] this request accesses system indices: [.apm-custom-link, .kibana_1, .kibana_task_manager_1, .apm-agent-configuration], but in a future major version, direct access to system indices will be prevented by default
[2021-03-05T11:03:11,306][DEPRECATION][o.e.d.c.m.IndexNameExpressionResolver] [Logstash-output] this request accesses system indices: [.apm-agent-configuration, .apm-custom-link, .kibana_1, .kibana_task_manager_1], but in a future major version, direct access to system indices will be prevented by default
[2021-03-05T11:03:11,310][DEPRECATION][o.e.d.a.a.i.a.g.TransportGetAliasesAction] [Logstash-output] this request accesses system indices: [.apm-agent-configuration, .kibana_task_manager_1, .kibana_1, .apm-custom-link], but in a future major version, direct access to system indices will be prevented by default
[2021-03-05T11:03:28,184][DEPRECATION][o.e.d.c.m.IndexNameExpressionResolver] [Logstash-output] this request accesses system indices: [.kibana_1], but in a future major version, direct access to system indices will be prevented by default
[2021-03-05T11:03:28,184][DEPRECATION][o.e.d.c.m.IndexNameExpressionResolver] [Logstash-output] this request accesses system indices: [.kibana_1], but in a future major version, direct access to system indices will be prevented by default
[2021-03-05T11:04:05,864][DEPRECATION][o.e.d.c.m.IndexNameExpressionResolver] [Logstash-output] this request accesses system indices: [.apm-agent-configuration, .apm-custom-link, .kibana_task_manager_1], but in a future major version, direct access to system indices will be prevented by default
[2021-03-05T11:04:05,865][DEPRECATION][o.e.d.a.a.i.a.g.TransportGetAliasesAction] [Logstash-output] this request accesses system indices: [.kibana_task_manager_1, .apm-custom-link, .apm-agent-configuration], but in a future major version, direct access to system indices will be prevented by default
[2021-03-05T11:04:13,759][DEPRECATION][o.e.d.c.m.IndexNameExpressionResolver] [Logstash-output] this request accesses system indices: [.kibana_task_manager_1], but in a future major version, direct access to system indices will be prevented by default
[2021-03-05T11:04:13,759][DEPRECATION][o.e.d.c.m.IndexNameExpressionResolver] [Logstash-output] this request accesses system indices: [.kibana_task_manager_1], but in a future major version, direct access to system indices will be prevented by default
[2021-03-05T11:04:23,067][DEPRECATION][o.e.d.c.m.IndexNameExpressionResolver] [Logstash-output] this request accesses system indices: [.apm-agent-configuration, .apm-custom-link], but in a future major version, direct access to system indices will be prevented by default
[2021-03-05T11:04:23,068][DEPRECATION][o.e.d.a.a.i.a.g.TransportGetAliasesAction] [Logstash-output] this request accesses system indices: [.apm-agent-configuration, .apm-custom-link], but in a future major version, direct access to system indices will be prevented by default
[2021-03-05T11:04:45,584][DEPRECATION][o.e.d.a.b.BulkRequestParser] [Logstash-output] [types removal] Specifying types in bulk requests is deprecated.
[2021-03-05T11:05:11,074][DEPRECATION][o.e.d.r.a.s.RestSearchAction] [Logstash-output] [types removal] Specifying types in search requests is deprecated.
[2021-03-05T11:06:38,744][DEPRECATION][o.e.d.r.a.s.RestSearchAction] [Logstash-output] [types removal] Specifying types in search requests is deprecated.
[2021-03-05T11:07:33,037][DEPRECATION][o.e.d.r.a.s.RestSearchAction] [Logstash-output] [types removal] Specifying types in search requests is deprecated.
[2021-03-05T11:07:51,967][DEPRECATION][o.e.d.r.a.s.RestSearchAction] [Logstash-output] [types removal] Specifying types in search requests is deprecated.
[2021-03-05T11:08:12,718][DEPRECATION][o.e.d.r.a.s.RestSearchAction] [Logstash-output] [types removal] Specifying types in search requests is deprecated.
[2021-03-05T11:08:53,613][DEPRECATION][o.e.d.r.a.s.RestSearchAction] [Logstash-output] [types removal] Specifying types in search requests is deprecated.
[2021-03-05T11:09:46,868][DEPRECATION][o.e.d.r.a.s.RestSearchAction] [Logstash-output] [types removal] Specifying types in search requests is deprecated.
[2021-03-05T11:10:13,610][DEPRECATION][o.e.d.r.a.s.RestSearchAction] [Logstash-output] [types removal] Specifying types in search requests is deprecated.
[2021-03-05T11:10:15,630][DEPRECATION][o.e.d.r.a.s.RestSearchAction] [Logstash-output] [types removal] Specifying types in search requests is deprecated.
[2021-03-05T11:10:17,713][DEPRECATION][o.e.d.r.a.s.RestSearchAction] [Logstash-output] [types removal] Specifying types in search requests is deprecated.
[2021-03-05T11:10:28,629][DEPRECATION][o.e.d.r.a.s.RestSearchAction] [Logstash-output] [types removal] Specifying types in search requests is deprecated.
[2021-03-05T11:10:29,569][DEPRECATION][o.e.d.r.a.s.RestSearchAction] [Logstash-output] [types removal] Specifying types in search requests is deprecated.
[2021-03-27T17:49:42,446][DEPRECATION][o.e.d.c.m.IndexNameExpressionResolver] [Logstash-output] this request accesses system indices: [.apm-agent-configuration, .apm-custom-link], but in a future major version, direct access to system indices will be prevented by default
[2021-03-27T17:49:42,514][DEPRECATION][o.e.d.a.a.i.a.g.TransportGetAliasesAction] [Logstash-output] this request accesses system indices: [.apm-agent-configuration, .apm-custom-link], but in a future major version, direct access to system indices will be prevented by default
[2021-03-27T17:57:05,375][DEPRECATION][o.e.d.a.b.BulkRequestParser] [Logstash-output] [types removal] Specifying types in bulk requests is deprecated.
[2021-03-27T17:57:08,285][DEPRECATION][o.e.d.a.b.BulkRequestParser] [Logstash-output] [types removal] Specifying types in bulk requests is deprecated.
[2021-03-27T17:57:12,402][DEPRECATION][o.e.d.a.b.BulkRequestParser] [Logstash-output] [types removal] Specifying types in bulk requests is deprecated.
[2021-03-27T17:57:20,474][DEPRECATION][o.e.d.a.b.BulkRequestParser] [Logstash-output] [types removal] Specifying types in bulk requests is deprecated.
[2021-03-27T17:57:36,525][DEPRECATION][o.e.d.a.b.BulkRequestParser] [Logstash-output] [types removal] Specifying types in bulk requests is deprecated.
[2021-03-27T17:58:08,616][DEPRECATION][o.e.d.a.b.BulkRequestParser] [Logstash-output] [types removal] Specifying types in bulk requests is deprecated.
[2021-03-27T17:59:13,198][DEPRECATION][o.e.d.a.b.BulkRequestParser] [Logstash-output] [types removal] Specifying types in bulk requests is deprecated.
[2021-03-27T18:00:17,497][DEPRECATION][o.e.d.a.b.BulkRequestParser] [Logstash-output] [types removal] Specifying types in bulk requests is deprecated.
[2021-03-27T18:01:23,906][DEPRECATION][o.e.d.a.b.BulkRequestParser] [Logstash-output] [types removal] Specifying types in bulk requests is deprecated.
[2021-03-27T18:02:28,429][DEPRECATION][o.e.d.a.b.BulkRequestParser] [Logstash-output] [types removal] Specifying types in bulk requests is deprecated.
[2021-03-27T18:03:34,569][DEPRECATION][o.e.d.a.b.BulkRequestParser] [Logstash-output] [types removal] Specifying types in bulk requests is deprecated.
[2021-03-27T18:04:38,845][DEPRECATION][o.e.d.a.b.BulkRequestParser] [Logstash-output] [types removal] Specifying types in bulk requests is deprecated.
[2021-03-27T18:55:11,080][DEPRECATION][o.e.d.a.b.BulkRequestParser] [Logstash-output] [types removal] Specifying types in bulk requests is deprecated.
[2021-03-27T18:56:34,331][DEPRECATION][o.e.d.c.m.IndexNameExpressionResolver] [Logstash-output] this request accesses system indices: [.apm-agent-configuration, .apm-custom-link], but in a future major version, direct access to system indices will be prevented by default
[2021-03-27T18:56:34,340][DEPRECATION][o.e.d.a.a.i.a.g.TransportGetAliasesAction] [Logstash-output] this request accesses system indices: [.apm-agent-configuration, .apm-custom-link], but in a future major version, direct access to system indices will be prevented by default
[2021-03-27T18:57:40,842][DEPRECATION][o.e.d.a.b.BulkRequestParser] [Logstash-output] [types removal] Specifying types in bulk requests is deprecated.
[2021-03-27T19:00:30,361][DEPRECATION][o.e.d.c.m.IndexNameExpressionResolver] [Logstash-output] this request accesses system indices: [.apm-agent-configuration, .apm-custom-link], but in a future major version, direct access to system indices will be prevented by default
[2021-03-27T19:00:30,362][DEPRECATION][o.e.d.a.a.i.a.g.TransportGetAliasesAction] [Logstash-output] this request accesses system indices: [.apm-custom-link, .apm-agent-configuration], but in a future major version, direct access to system indices will be prevented by default
[2021-03-27T19:00:54,683][DEPRECATION][o.e.d.c.m.IndexNameExpressionResolver] [Logstash-output] this request accesses system indices: [.apm-agent-configuration, .apm-custom-link], but in a future major version, direct access to system indices will be prevented by default
[2021-03-27T19:00:54,684][DEPRECATION][o.e.d.a.a.i.a.g.TransportGetAliasesAction] [Logstash-output] this request accesses system indices: [.apm-agent-configuration, .apm-custom-link], but in a future major version, direct access to system indices will be prevented by default
[2021-03-27T19:01:12,546][DEPRECATION][o.e.d.a.b.BulkRequestParser] [Logstash-output] [types removal] Specifying types in bulk requests is deprecated.
[2021-03-27T19:04:07,711][DEPRECATION][o.e.d.a.b.BulkRequestParser] [Logstash-output] [types removal] Specifying types in bulk requests is deprecated.
[2021-03-27T19:05:54,257][DEPRECATION][o.e.d.a.b.BulkRequestParser] [Logstash-output] [types removal] Specifying types in bulk requests is deprecated.
[2021-03-27T19:13:18,592][DEPRECATION][o.e.d.a.b.BulkRequestParser] [Logstash-output] [types removal] Specifying types in bulk requests is deprecated.
[2021-03-27T19:35:32,702][DEPRECATION][o.e.d.a.b.BulkRequestParser] [Logstash-output] [types removal] Specifying types in bulk requests is deprecated.
[2021-03-27T19:37:12,216][DEPRECATION][o.e.d.a.b.BulkRequestParser] [Logstash-output] [types removal] Specifying types in bulk requests is deprecated.
[2021-03-27T19:38:46,602][DEPRECATION][o.e.d.a.b.BulkRequestParser] [Logstash-output] [types removal] Specifying types in bulk requests is deprecated.
[2021-03-27T19:39:56,748][DEPRECATION][o.e.d.a.b.BulkRequestParser] [Logstash-output] [types removal] Specifying types in bulk requests is deprecated.
[2021-03-27T19:41:27,355][DEPRECATION][o.e.d.a.b.BulkRequestParser] [Logstash-output] [types removal] Specifying types in bulk requests is deprecated.
[2021-03-27T20:07:38,056][DEPRECATION][o.e.d.a.b.BulkRequestParser] [Logstash-output] [types removal] Specifying types in bulk requests is deprecated.
[2021-03-27T20:12:54,859][DEPRECATION][o.e.d.a.b.BulkRequestParser] [Logstash-output] [types removal] Specifying types in bulk requests is deprecated.
[2021-03-27T20:14:03,913][DEPRECATION][o.e.d.a.b.BulkRequestParser] [Logstash-output] [types removal] Specifying types in bulk requests is deprecated.
[2021-03-27T20:15:37,235][DEPRECATION][o.e.d.a.b.BulkRequestParser] [Logstash-output] [types removal] Specifying types in bulk requests is deprecated.
[2021-04-12T11:52:18,902][DEPRECATION][o.e.d.a.b.BulkRequestParser] [Logstash-output] [types removal] Specifying types in bulk requests is deprecated.
[2021-04-12T11:54:13,472][DEPRECATION][o.e.d.a.b.BulkRequestParser] [Logstash-output] [types removal] Specifying types in bulk requests is deprecated.
[2021-04-12T11:56:08,598][DEPRECATION][o.e.d.a.b.BulkRequestParser] [Logstash-output] [types removal] Specifying types in bulk requests is deprecated.
[2021-04-12T12:02:21,388][DEPRECATION][o.e.d.a.b.BulkRequestParser] [Logstash-output] [types removal] Specifying types in bulk requests is deprecated.
[2021-04-12T12:03:27,480][DEPRECATION][o.e.d.a.b.BulkRequestParser] [Logstash-output] [types removal] Specifying types in bulk requests is deprecated.
[2021-04-12T12:04:51,261][DEPRECATION][o.e.d.a.b.BulkRequestParser] [Logstash-output] [types removal] Specifying types in bulk requests is deprecated.
[2021-04-12T12:05:33,133][DEPRECATION][o.e.d.a.b.BulkRequestParser] [Logstash-output] [types removal] Specifying types in bulk requests is deprecated.
[2021-04-12T12:07:58,664][DEPRECATION][o.e.d.a.b.BulkRequestParser] [Logstash-output] [types removal] Specifying types in bulk requests is deprecated.
[2021-04-12T12:11:47,291][DEPRECATION][o.e.d.a.b.BulkRequestParser] [Logstash-output] [types removal] Specifying types in bulk requests is deprecated.
[2021-04-12T12:13:03,478][DEPRECATION][o.e.d.a.b.BulkRequestParser] [Logstash-output] [types removal] Specifying types in bulk requests is deprecated.
[2021-04-12T12:13:50,362][DEPRECATION][o.e.d.a.b.BulkRequestParser] [Logstash-output] [types removal] Specifying types in bulk requests is deprecated.
[2021-04-12T12:15:08,608][DEPRECATION][o.e.d.a.b.BulkRequestParser] [Logstash-output] [types removal] Specifying types in bulk requests is deprecated.
[2021-04-12T12:15:53,909][DEPRECATION][o.e.d.a.b.BulkRequestParser] [Logstash-output] [types removal] Specifying types in bulk requests is deprecated.
[2021-04-12T12:19:56,743][DEPRECATION][o.e.d.a.b.BulkRequestParser] [Logstash-output] [types removal] Specifying types in bulk requests is deprecated.
[2021-04-12T12:23:37,591][DEPRECATION][o.e.d.a.b.BulkRequestParser] [Logstash-output] [types removal] Specifying types in bulk requests is deprecated.
[2021-04-12T12:41:19,122][DEPRECATION][o.e.d.a.b.BulkRequestParser] [Logstash-output] [types removal] Specifying types in bulk requests is deprecated.
[2021-04-12T12:42:27,083][DEPRECATION][o.e.d.a.b.BulkRequestParser] [Logstash-output] [types removal] Specifying types in bulk requests is deprecated.
[2021-04-12T12:44:04,941][DEPRECATION][o.e.d.a.b.BulkRequestParser] [Logstash-output] [types removal] Specifying types in bulk requests is deprecated.
[2021-04-12T12:44:47,789][DEPRECATION][o.e.d.a.b.BulkRequestParser] [Logstash-output] [types removal] Specifying types in bulk requests is deprecated.
[2021-04-12T12:46:42,214][DEPRECATION][o.e.d.a.b.BulkRequestParser] [Logstash-output] [types removal] Specifying types in bulk requests is deprecated.
[2021-04-12T12:47:22,161][DEPRECATION][o.e.d.a.b.BulkRequestParser] [Logstash-output] [types removal] Specifying types in bulk requests is deprecated.
[2021-04-12T12:48:29,517][DEPRECATION][o.e.d.a.b.BulkRequestParser] [Logstash-output] [types removal] Specifying types in bulk requests is deprecated.
[2021-04-13T12:21:17,699][DEPRECATION][o.e.d.a.b.BulkRequestParser] [Logstash-output] [types removal] Specifying types in bulk requests is deprecated.
[2021-04-13T12:22:36,024][DEPRECATION][o.e.d.a.b.BulkRequestParser] [Logstash-output] [types removal] Specifying types in bulk requests is deprecated.
[2021-04-13T12:27:59,807][DEPRECATION][o.e.d.a.b.BulkRequestParser] [Logstash-output] [types removal] Specifying types in bulk requests is deprecated.
[2021-04-13T12:29:26,323][DEPRECATION][o.e.d.a.b.BulkRequestParser] [Logstash-output] [types removal] Specifying types in bulk requests is deprecated.
[2021-04-13T12:30:33,484][DEPRECATION][o.e.d.a.b.BulkRequestParser] [Logstash-output] [types removal] Specifying types in bulk requests is deprecated.
[2021-04-13T12:34:57,989][DEPRECATION][o.e.d.a.b.BulkRequestParser] [Logstash-output] [types removal] Specifying types in bulk requests is deprecated.
[2021-04-13T12:35:47,366][DEPRECATION][o.e.d.a.b.BulkRequestParser] [Logstash-output] [types removal] Specifying types in bulk requests is deprecated.
[2021-04-13T12:36:29,573][DEPRECATION][o.e.d.a.b.BulkRequestParser] [Logstash-output] [types removal] Specifying types in bulk requests is deprecated.
[2021-04-13T12:37:01,532][DEPRECATION][o.e.d.a.b.BulkRequestParser] [Logstash-output] [types removal] Specifying types in bulk requests is deprecated.
[2021-04-13T12:38:27,011][DEPRECATION][o.e.d.a.b.BulkRequestParser] [Logstash-output] [types removal] Specifying types in bulk requests is deprecated.
[2021-04-13T12:39:13,569][DEPRECATION][o.e.d.a.b.BulkRequestParser] [Logstash-output] [types removal] Specifying types in bulk requests is deprecated.
[2021-04-13T12:49:56,833][DEPRECATION][o.e.d.a.b.BulkRequestParser] [Logstash-output] [types removal] Specifying types in bulk requests is deprecated.
[2021-04-13T12:51:28,928][DEPRECATION][o.e.d.a.b.BulkRequestParser] [Logstash-output] [types removal] Specifying types in bulk requests is deprecated.
[2021-04-13T12:53:19,074][DEPRECATION][o.e.d.a.b.BulkRequestParser] [Logstash-output] [types removal] Specifying types in bulk requests is deprecated.
[2021-04-13T12:55:05,496][DEPRECATION][o.e.d.a.b.BulkRequestParser] [Logstash-output] [types removal] Specifying types in bulk requests is deprecated.
[2021-04-13T13:01:00,475][DEPRECATION][o.e.d.a.b.BulkRequestParser] [Logstash-output] [types removal] Specifying types in bulk requests is deprecated.
[2021-04-13T13:03:44,439][DEPRECATION][o.e.d.a.b.BulkRequestParser] [Logstash-output] [types removal] Specifying types in bulk requests is deprecated.
[2021-04-13T13:05:30,232][DEPRECATION][o.e.d.c.m.IndexNameExpressionResolver] [Logstash-output] this request accesses system indices: [.apm-agent-configuration, .apm-custom-link], but in a future major version, direct access to system indices will be prevented by default
[2021-04-13T13:05:30,315][DEPRECATION][o.e.d.a.a.i.a.g.TransportGetAliasesAction] [Logstash-output] this request accesses system indices: [.apm-custom-link, .apm-agent-configuration], but in a future major version, direct access to system indices will be prevented by default
[2021-04-13T13:08:22,144][DEPRECATION][o.e.d.c.m.IndexNameExpressionResolver] [Logstash-output] this request accesses system indices: [.apm-agent-configuration, .apm-custom-link], but in a future major version, direct access to system indices will be prevented by default
[2021-04-13T13:08:22,147][DEPRECATION][o.e.d.a.a.i.a.g.TransportGetAliasesAction] [Logstash-output] this request accesses system indices: [.apm-custom-link, .apm-agent-configuration], but in a future major version, direct access to system indices will be prevented by default
[2021-04-13T13:10:01,451][DEPRECATION][o.e.d.c.m.IndexNameExpressionResolver] [Logstash-output] this request accesses system indices: [.apm-agent-configuration, .apm-custom-link], but in a future major version, direct access to system indices will be prevented by default
[2021-04-13T13:10:01,457][DEPRECATION][o.e.d.a.a.i.a.g.TransportGetAliasesAction] [Logstash-output] this request accesses system indices: [.apm-agent-configuration, .apm-custom-link], but in a future major version, direct access to system indices will be prevented by default
[2021-04-13T13:10:16,120][DEPRECATION][o.e.d.c.m.IndexNameExpressionResolver] [Logstash-output] this request accesses system indices: [.apm-agent-configuration, .apm-custom-link], but in a future major version, direct access to system indices will be prevented by default
[2021-04-13T13:10:16,124][DEPRECATION][o.e.d.a.a.i.a.g.TransportGetAliasesAction] [Logstash-output] this request accesses system indices: [.apm-custom-link, .apm-agent-configuration], but in a future major version, direct access to system indices will be prevented by default
[2021-04-13T13:19:53,302][DEPRECATION][o.e.d.c.m.IndexNameExpressionResolver] [Logstash-output] this request accesses system indices: [.apm-agent-configuration, .apm-custom-link], but in a future major version, direct access to system indices will be prevented by default
[2021-04-13T13:19:53,304][DEPRECATION][o.e.d.a.a.i.a.g.TransportGetAliasesAction] [Logstash-output] this request accesses system indices: [.apm-agent-configuration, .apm-custom-link], but in a future major version, direct access to system indices will be prevented by default
[2021-04-13T13:19:56,129][DEPRECATION][o.e.d.a.b.BulkRequestParser] [Logstash-output] [types removal] Specifying types in bulk requests is deprecated.
[2021-04-13T13:21:40,934][DEPRECATION][o.e.d.c.m.IndexNameExpressionResolver] [Logstash-output] this request accesses system indices: [.apm-agent-configuration, .apm-custom-link], but in a future major version, direct access to system indices will be prevented by default
[2021-04-13T13:21:40,939][DEPRECATION][o.e.d.a.a.i.a.g.TransportGetAliasesAction] [Logstash-output] this request accesses system indices: [.apm-agent-configuration, .apm-custom-link], but in a future major version, direct access to system indices will be prevented by default
[2021-04-13T13:23:40,092][DEPRECATION][o.e.d.c.m.IndexNameExpressionResolver] [Logstash-output] this request accesses system indices: [.apm-agent-configuration, .apm-custom-link], but in a future major version, direct access to system indices will be prevented by default
[2021-04-13T13:23:40,092][DEPRECATION][o.e.d.a.a.i.a.g.TransportGetAliasesAction] [Logstash-output] this request accesses system indices: [.apm-custom-link, .apm-agent-configuration], but in a future major version, direct access to system indices will be prevented by default
[2021-04-13T13:23:42,278][DEPRECATION][o.e.d.a.b.BulkRequestParser] [Logstash-output] [types removal] Specifying types in bulk requests is deprecated.
[2021-04-13T13:27:01,011][DEPRECATION][o.e.d.c.m.IndexNameExpressionResolver] [Logstash-output] this request accesses system indices: [.apm-agent-configuration, .apm-custom-link], but in a future major version, direct access to system indices will be prevented by default
[2021-04-13T13:27:01,016][DEPRECATION][o.e.d.a.a.i.a.g.TransportGetAliasesAction] [Logstash-output] this request accesses system indices: [.apm-custom-link, .apm-agent-configuration], but in a future major version, direct access to system indices will be prevented by default
[2021-04-13T13:27:03,864][DEPRECATION][o.e.d.a.b.BulkRequestParser] [Logstash-output] [types removal] Specifying types in bulk requests is deprecated.
[2021-04-13T13:33:35,822][DEPRECATION][o.e.d.c.m.IndexNameExpressionResolver] [Logstash-output] this request accesses system indices: [.apm-agent-configuration, .apm-custom-link], but in a future major version, direct access to system indices will be prevented by default
[2021-04-13T13:33:35,827][DEPRECATION][o.e.d.a.a.i.a.g.TransportGetAliasesAction] [Logstash-output] this request accesses system indices: [.apm-custom-link, .apm-agent-configuration], but in a future major version, direct access to system indices will be prevented by default
[2021-04-13T13:33:37,961][DEPRECATION][o.e.d.a.b.BulkRequestParser] [Logstash-output] [types removal] Specifying types in bulk requests is deprecated.
[2021-04-13T13:37:23,749][DEPRECATION][o.e.d.c.m.IndexNameExpressionResolver] [Logstash-output] this request accesses system indices: [.apm-agent-configuration, .apm-custom-link], but in a future major version, direct access to system indices will be prevented by default
[2021-04-13T13:37:23,751][DEPRECATION][o.e.d.a.a.i.a.g.TransportGetAliasesAction] [Logstash-output] this request accesses system indices: [.apm-agent-configuration, .apm-custom-link], but in a future major version, direct access to system indices will be prevented by default
[2021-04-13T13:37:25,945][DEPRECATION][o.e.d.a.b.BulkRequestParser] [Logstash-output] [types removal] Specifying types in bulk requests is deprecated.
[2021-04-13T13:39:25,923][DEPRECATION][o.e.d.c.m.IndexNameExpressionResolver] [Logstash-output] this request accesses system indices: [.apm-agent-configuration, .apm-custom-link], but in a future major version, direct access to system indices will be prevented by default
[2021-04-13T13:39:25,925][DEPRECATION][o.e.d.a.a.i.a.g.TransportGetAliasesAction] [Logstash-output] this request accesses system indices: [.apm-custom-link, .apm-agent-configuration], but in a future major version, direct access to system indices will be prevented by default
[2021-04-13T13:39:28,462][DEPRECATION][o.e.d.a.b.BulkRequestParser] [Logstash-output] [types removal] Specifying types in bulk requests is deprecated.
[2021-04-13T13:41:49,666][DEPRECATION][o.e.d.c.m.IndexNameExpressionResolver] [Logstash-output] this request accesses system indices: [.apm-agent-configuration, .apm-custom-link], but in a future major version, direct access to system indices will be prevented by default
[2021-04-13T13:41:49,669][DEPRECATION][o.e.d.a.a.i.a.g.TransportGetAliasesAction] [Logstash-output] this request accesses system indices: [.apm-custom-link, .apm-agent-configuration], but in a future major version, direct access to system indices will be prevented by default
[2021-04-13T13:41:51,684][DEPRECATION][o.e.d.a.b.BulkRequestParser] [Logstash-output] [types removal] Specifying types in bulk requests is deprecated.
[2021-04-13T13:45:56,725][DEPRECATION][o.e.d.c.m.IndexNameExpressionResolver] [Logstash-output] this request accesses system indices: [.apm-agent-configuration, .apm-custom-link], but in a future major version, direct access to system indices will be prevented by default
[2021-04-13T13:45:56,730][DEPRECATION][o.e.d.a.a.i.a.g.TransportGetAliasesAction] [Logstash-output] this request accesses system indices: [.apm-custom-link, .apm-agent-configuration], but in a future major version, direct access to system indices will be prevented by default
[2021-04-13T13:45:58,570][DEPRECATION][o.e.d.a.b.BulkRequestParser] [Logstash-output] [types removal] Specifying types in bulk requests is deprecated.
[2021-04-13T13:47:35,699][DEPRECATION][o.e.d.c.m.IndexNameExpressionResolver] [Logstash-output] this request accesses system indices: [.apm-agent-configuration, .apm-custom-link], but in a future major version, direct access to system indices will be prevented by default
[2021-04-13T13:47:35,700][DEPRECATION][o.e.d.a.a.i.a.g.TransportGetAliasesAction] [Logstash-output] this request accesses system indices: [.apm-agent-configuration, .apm-custom-link], but in a future major version, direct access to system indices will be prevented by default
[2021-04-13T13:47:37,122][DEPRECATION][o.e.d.a.b.BulkRequestParser] [Logstash-output] [types removal] Specifying types in bulk requests is deprecated.
[2021-04-13T13:48:19,592][DEPRECATION][o.e.d.c.m.IndexNameExpressionResolver] [Logstash-output] this request accesses system indices: [.apm-agent-configuration, .apm-custom-link], but in a future major version, direct access to system indices will be prevented by default
[2021-04-13T13:48:19,593][DEPRECATION][o.e.d.a.a.i.a.g.TransportGetAliasesAction] [Logstash-output] this request accesses system indices: [.apm-agent-configuration, .apm-custom-link], but in a future major version, direct access to system indices will be prevented by default
[2021-04-13T13:48:21,283][DEPRECATION][o.e.d.a.b.BulkRequestParser] [Logstash-output] [types removal] Specifying types in bulk requests is deprecated.
[2021-04-13T13:49:45,118][DEPRECATION][o.e.d.c.m.IndexNameExpressionResolver] [Logstash-output] this request accesses system indices: [.apm-agent-configuration, .apm-custom-link], but in a future major version, direct access to system indices will be prevented by default
[2021-04-13T13:49:45,119][DEPRECATION][o.e.d.a.a.i.a.g.TransportGetAliasesAction] [Logstash-output] this request accesses system indices: [.apm-custom-link, .apm-agent-configuration], but in a future major version, direct access to system indices will be prevented by default
[2021-04-13T13:49:46,713][DEPRECATION][o.e.d.a.b.BulkRequestParser] [Logstash-output] [types removal] Specifying types in bulk requests is deprecated.
[2021-04-13T13:50:22,949][DEPRECATION][o.e.d.c.m.IndexNameExpressionResolver] [Logstash-output] this request accesses system indices: [.apm-agent-configuration, .apm-custom-link], but in a future major version, direct access to system indices will be prevented by default
[2021-04-13T13:50:22,951][DEPRECATION][o.e.d.a.a.i.a.g.TransportGetAliasesAction] [Logstash-output] this request accesses system indices: [.apm-agent-configuration, .apm-custom-link], but in a future major version, direct access to system indices will be prevented by default
[2021-04-13T13:50:24,279][DEPRECATION][o.e.d.a.b.BulkRequestParser] [Logstash-output] [types removal] Specifying types in bulk requests is deprecated.
[2021-04-13T13:50:53,156][DEPRECATION][o.e.d.c.m.IndexNameExpressionResolver] [Logstash-output] this request accesses system indices: [.apm-agent-configuration, .apm-custom-link], but in a future major version, direct access to system indices will be prevented by default
[2021-04-13T13:50:53,157][DEPRECATION][o.e.d.a.a.i.a.g.TransportGetAliasesAction] [Logstash-output] this request accesses system indices: [.apm-custom-link, .apm-agent-configuration], but in a future major version, direct access to system indices will be prevented by default
[2021-04-13T13:50:54,636][DEPRECATION][o.e.d.a.b.BulkRequestParser] [Logstash-output] [types removal] Specifying types in bulk requests is deprecated.
[2021-04-13T13:54:06,691][DEPRECATION][o.e.d.c.m.IndexNameExpressionResolver] [Logstash-output] this request accesses system indices: [.apm-agent-configuration, .apm-custom-link], but in a future major version, direct access to system indices will be prevented by default
[2021-04-13T13:54:06,694][DEPRECATION][o.e.d.a.a.i.a.g.TransportGetAliasesAction] [Logstash-output] this request accesses system indices: [.apm-agent-configuration, .apm-custom-link], but in a future major version, direct access to system indices will be prevented by default
[2021-04-13T13:54:08,172][DEPRECATION][o.e.d.a.b.BulkRequestParser] [Logstash-output] [types removal] Specifying types in bulk requests is deprecated.
[2021-04-18T13:53:31,633][DEPRECATION][o.e.d.c.m.IndexNameExpressionResolver] [Logstash-output] this request accesses system indices: [.apm-agent-configuration, .apm-custom-link], but in a future major version, direct access to system indices will be prevented by default
[2021-04-18T13:53:31,637][DEPRECATION][o.e.d.a.a.i.a.g.TransportGetAliasesAction] [Logstash-output] this request accesses system indices: [.apm-agent-configuration, .apm-custom-link], but in a future major version, direct access to system indices will be prevented by default
[2021-04-19T12:16:11,749][DEPRECATION][o.e.d.c.m.IndexNameExpressionResolver] [Logstash-output] this request accesses system indices: [.apm-agent-configuration, .apm-custom-link], but in a future major version, direct access to system indices will be prevented by default
[2021-04-19T12:16:11,765][DEPRECATION][o.e.d.a.a.i.a.g.TransportGetAliasesAction] [Logstash-output] this request accesses system indices: [.apm-agent-configuration, .apm-custom-link], but in a future major version, direct access to system indices will be prevented by default
[2021-04-19T12:16:18,690][DEPRECATION][o.e.d.a.b.BulkRequestParser] [Logstash-output] [types removal] Specifying types in bulk requests is deprecated.
[2021-04-19T12:17:25,702][DEPRECATION][o.e.d.c.m.IndexNameExpressionResolver] [Logstash-output] this request accesses system indices: [.apm-agent-configuration, .apm-custom-link], but in a future major version, direct access to system indices will be prevented by default
[2021-04-19T12:17:25,707][DEPRECATION][o.e.d.a.a.i.a.g.TransportGetAliasesAction] [Logstash-output] this request accesses system indices: [.apm-agent-configuration, .apm-custom-link], but in a future major version, direct access to system indices will be prevented by default
[2021-04-19T12:17:29,922][DEPRECATION][o.e.d.a.b.BulkRequestParser] [Logstash-output] [types removal] Specifying types in bulk requests is deprecated.
[2021-04-19T12:33:33,935][DEPRECATION][o.e.d.c.m.IndexNameExpressionResolver] [Logstash-output] this request accesses system indices: [.apm-agent-configuration, .apm-custom-link], but in a future major version, direct access to system indices will be prevented by default
[2021-04-19T12:33:33,939][DEPRECATION][o.e.d.a.a.i.a.g.TransportGetAliasesAction] [Logstash-output] this request accesses system indices: [.apm-agent-configuration, .apm-custom-link], but in a future major version, direct access to system indices will be prevented by default
[2021-04-19T12:33:37,438][DEPRECATION][o.e.d.a.b.BulkRequestParser] [Logstash-output] [types removal] Specifying types in bulk requests is deprecated.
[2021-04-19T12:34:58,929][DEPRECATION][o.e.d.c.m.IndexNameExpressionResolver] [Logstash-output] this request accesses system indices: [.apm-agent-configuration, .apm-custom-link], but in a future major version, direct access to system indices will be prevented by default
[2021-04-19T12:34:58,932][DEPRECATION][o.e.d.a.a.i.a.g.TransportGetAliasesAction] [Logstash-output] this request accesses system indices: [.apm-agent-configuration, .apm-custom-link], but in a future major version, direct access to system indices will be prevented by default
[2021-04-19T12:35:01,583][DEPRECATION][o.e.d.a.b.BulkRequestParser] [Logstash-output] [types removal] Specifying types in bulk requests is deprecated.
[2021-05-02T12:08:09,554][DEPRECATION][o.e.d.c.m.IndexNameExpressionResolver] [Logstash-output] this request accesses system indices: [.apm-agent-configuration, .apm-custom-link], but in a future major version, direct access to system indices will be prevented by default
[2021-05-02T12:08:09,574][DEPRECATION][o.e.d.a.a.i.a.g.TransportGetAliasesAction] [Logstash-output] this request accesses system indices: [.apm-agent-configuration, .apm-custom-link], but in a future major version, direct access to system indices will be prevented by default
[2021-05-02T12:08:18,420][DEPRECATION][o.e.d.a.b.BulkRequestParser] [Logstash-output] [types removal] Specifying types in bulk requests is deprecated.
[2021-05-02T12:09:32,412][DEPRECATION][o.e.d.c.m.IndexNameExpressionResolver] [Logstash-output] this request accesses system indices: [.apm-agent-configuration, .apm-custom-link], but in a future major version, direct access to system indices will be prevented by default
[2021-05-02T12:09:32,415][DEPRECATION][o.e.d.a.a.i.a.g.TransportGetAliasesAction] [Logstash-output] this request accesses system indices: [.apm-custom-link, .apm-agent-configuration], but in a future major version, direct access to system indices will be prevented by default
[2021-05-02T12:09:34,781][DEPRECATION][o.e.d.a.b.BulkRequestParser] [Logstash-output] [types removal] Specifying types in bulk requests is deprecated.
[2021-05-02T12:10:02,339][DEPRECATION][o.e.d.c.m.IndexNameExpressionResolver] [Logstash-output] this request accesses system indices: [.apm-agent-configuration, .apm-custom-link], but in a future major version, direct access to system indices will be prevented by default
[2021-05-02T12:10:02,340][DEPRECATION][o.e.d.a.a.i.a.g.TransportGetAliasesAction] [Logstash-output] this request accesses system indices: [.apm-agent-configuration, .apm-custom-link], but in a future major version, direct access to system indices will be prevented by default
[2021-05-02T12:10:04,551][DEPRECATION][o.e.d.a.b.BulkRequestParser] [Logstash-output] [types removal] Specifying types in bulk requests is deprecated.
[2021-05-02T12:13:35,449][DEPRECATION][o.e.d.c.m.IndexNameExpressionResolver] [Logstash-output] this request accesses system indices: [.apm-agent-configuration, .apm-custom-link], but in a future major version, direct access to system indices will be prevented by default
[2021-05-02T12:13:35,449][DEPRECATION][o.e.d.a.a.i.a.g.TransportGetAliasesAction] [Logstash-output] this request accesses system indices: [.apm-agent-configuration, .apm-custom-link], but in a future major version, direct access to system indices will be prevented by default
[2021-05-02T12:13:38,529][DEPRECATION][o.e.d.a.b.BulkRequestParser] [Logstash-output] [types removal] Specifying types in bulk requests is deprecated.
[2021-05-02T12:18:45,600][DEPRECATION][o.e.d.c.m.IndexNameExpressionResolver] [Logstash-output] this request accesses system indices: [.apm-agent-configuration, .apm-custom-link], but in a future major version, direct access to system indices will be prevented by default
[2021-05-02T12:18:45,604][DEPRECATION][o.e.d.a.a.i.a.g.TransportGetAliasesAction] [Logstash-output] this request accesses system indices: [.apm-agent-configuration, .apm-custom-link], but in a future major version, direct access to system indices will be prevented by default
[2021-05-02T12:18:47,961][DEPRECATION][o.e.d.a.b.BulkRequestParser] [Logstash-output] [types removal] Specifying types in bulk requests is deprecated.
[2021-05-02T12:20:02,431][DEPRECATION][o.e.d.c.m.IndexNameExpressionResolver] [Logstash-output] this request accesses system indices: [.apm-agent-configuration, .apm-custom-link], but in a future major version, direct access to system indices will be prevented by default
[2021-05-02T12:20:02,439][DEPRECATION][o.e.d.a.a.i.a.g.TransportGetAliasesAction] [Logstash-output] this request accesses system indices: [.apm-agent-configuration, .apm-custom-link], but in a future major version, direct access to system indices will be prevented by default
[2021-05-02T12:20:04,750][DEPRECATION][o.e.d.a.b.BulkRequestParser] [Logstash-output] [types removal] Specifying types in bulk requests is deprecated.
[2021-05-02T12:22:38,899][DEPRECATION][o.e.d.c.m.IndexNameExpressionResolver] [Logstash-output] this request accesses system indices: [.apm-agent-configuration, .apm-custom-link], but in a future major version, direct access to system indices will be prevented by default
[2021-05-02T12:22:38,902][DEPRECATION][o.e.d.a.a.i.a.g.TransportGetAliasesAction] [Logstash-output] this request accesses system indices: [.apm-agent-configuration, .apm-custom-link], but in a future major version, direct access to system indices will be prevented by default
[2021-05-02T12:22:40,713][DEPRECATION][o.e.d.a.b.BulkRequestParser] [Logstash-output] [types removal] Specifying types in bulk requests is deprecated.
[2021-05-02T12:24:21,492][DEPRECATION][o.e.d.c.m.IndexNameExpressionResolver] [Logstash-output] this request accesses system indices: [.apm-agent-configuration, .apm-custom-link], but in a future major version, direct access to system indices will be prevented by default
[2021-05-02T12:24:21,492][DEPRECATION][o.e.d.a.a.i.a.g.TransportGetAliasesAction] [Logstash-output] this request accesses system indices: [.apm-custom-link, .apm-agent-configuration], but in a future major version, direct access to system indices will be prevented by default
[2021-05-02T12:24:23,036][DEPRECATION][o.e.d.a.b.BulkRequestParser] [Logstash-output] [types removal] Specifying types in bulk requests is deprecated.
[2021-05-02T12:26:13,434][DEPRECATION][o.e.d.c.m.IndexNameExpressionResolver] [Logstash-output] this request accesses system indices: [.apm-agent-configuration, .apm-custom-link], but in a future major version, direct access to system indices will be prevented by default
[2021-05-02T12:26:13,434][DEPRECATION][o.e.d.a.a.i.a.g.TransportGetAliasesAction] [Logstash-output] this request accesses system indices: [.apm-agent-configuration, .apm-custom-link], but in a future major version, direct access to system indices will be prevented by default
[2021-05-02T12:26:16,046][DEPRECATION][o.e.d.a.b.BulkRequestParser] [Logstash-output] [types removal] Specifying types in bulk requests is deprecated.
[2021-05-02T12:28:06,552][DEPRECATION][o.e.d.c.m.IndexNameExpressionResolver] [Logstash-output] this request accesses system indices: [.apm-agent-configuration, .apm-custom-link], but in a future major version, direct access to system indices will be prevented by default
[2021-05-02T12:28:06,556][DEPRECATION][o.e.d.a.a.i.a.g.TransportGetAliasesAction] [Logstash-output] this request accesses system indices: [.apm-custom-link, .apm-agent-configuration], but in a future major version, direct access to system indices will be prevented by default
[2021-05-02T12:28:09,503][DEPRECATION][o.e.d.a.b.BulkRequestParser] [Logstash-output] [types removal] Specifying types in bulk requests is deprecated.
[2021-05-02T12:29:28,145][DEPRECATION][o.e.d.c.m.IndexNameExpressionResolver] [Logstash-output] this request accesses system indices: [.apm-agent-configuration, .apm-custom-link], but in a future major version, direct access to system indices will be prevented by default
[2021-05-02T12:29:28,146][DEPRECATION][o.e.d.a.a.i.a.g.TransportGetAliasesAction] [Logstash-output] this request accesses system indices: [.apm-agent-configuration, .apm-custom-link], but in a future major version, direct access to system indices will be prevented by default
[2021-05-02T12:29:30,636][DEPRECATION][o.e.d.a.b.BulkRequestParser] [Logstash-output] [types removal] Specifying types in bulk requests is deprecated.
[2021-05-02T12:31:37,201][DEPRECATION][o.e.d.c.m.IndexNameExpressionResolver] [Logstash-output] this request accesses system indices: [.apm-agent-configuration, .apm-custom-link], but in a future major version, direct access to system indices will be prevented by default
[2021-05-02T12:31:37,204][DEPRECATION][o.e.d.a.a.i.a.g.TransportGetAliasesAction] [Logstash-output] this request accesses system indices: [.apm-custom-link, .apm-agent-configuration], but in a future major version, direct access to system indices will be prevented by default
[2021-05-02T12:31:40,075][DEPRECATION][o.e.d.a.b.BulkRequestParser] [Logstash-output] [types removal] Specifying types in bulk requests is deprecated.
[2021-05-02T12:35:37,976][DEPRECATION][o.e.d.c.m.IndexNameExpressionResolver] [Logstash-output] this request accesses system indices: [.apm-agent-configuration, .apm-custom-link], but in a future major version, direct access to system indices will be prevented by default
[2021-05-02T12:35:37,980][DEPRECATION][o.e.d.a.a.i.a.g.TransportGetAliasesAction] [Logstash-output] this request accesses system indices: [.apm-custom-link, .apm-agent-configuration], but in a future major version, direct access to system indices will be prevented by default
[2021-05-02T12:35:41,223][DEPRECATION][o.e.d.a.b.BulkRequestParser] [Logstash-output] [types removal] Specifying types in bulk requests is deprecated.
[2021-05-02T12:38:06,172][DEPRECATION][o.e.d.c.m.IndexNameExpressionResolver] [Logstash-output] this request accesses system indices: [.apm-agent-configuration, .apm-custom-link], but in a future major version, direct access to system indices will be prevented by default
[2021-05-02T12:38:06,173][DEPRECATION][o.e.d.a.a.i.a.g.TransportGetAliasesAction] [Logstash-output] this request accesses system indices: [.apm-agent-configuration, .apm-custom-link], but in a future major version, direct access to system indices will be prevented by default
[2021-05-02T12:38:08,992][DEPRECATION][o.e.d.a.b.BulkRequestParser] [Logstash-output] [types removal] Specifying types in bulk requests is deprecated.
[2021-05-02T12:38:58,804][DEPRECATION][o.e.d.c.m.IndexNameExpressionResolver] [Logstash-output] this request accesses system indices: [.apm-agent-configuration, .apm-custom-link], but in a future major version, direct access to system indices will be prevented by default
[2021-05-02T12:38:58,805][DEPRECATION][o.e.d.a.a.i.a.g.TransportGetAliasesAction] [Logstash-output] this request accesses system indices: [.apm-agent-configuration, .apm-custom-link], but in a future major version, direct access to system indices will be prevented by default
[2021-05-02T12:39:01,441][DEPRECATION][o.e.d.a.b.BulkRequestParser] [Logstash-output] [types removal] Specifying types in bulk requests is deprecated.
[2021-05-02T12:47:19,941][DEPRECATION][o.e.d.c.m.IndexNameExpressionResolver] [Logstash-output] this request accesses system indices: [.apm-agent-configuration, .apm-custom-link], but in a future major version, direct access to system indices will be prevented by default
[2021-05-02T12:47:19,945][DEPRECATION][o.e.d.a.a.i.a.g.TransportGetAliasesAction] [Logstash-output] this request accesses system indices: [.apm-agent-configuration, .apm-custom-link], but in a future major version, direct access to system indices will be prevented by default
[2021-05-02T12:47:22,224][DEPRECATION][o.e.d.a.b.BulkRequestParser] [Logstash-output] [types removal] Specifying types in bulk requests is deprecated.
